<?xml version="1.0" encoding="UTF-8"?>
<robot generator="Robot 7.0 (Python 3.12.2 on win32)" generated="2024-05-14T00:10:13.496310" rpa="false" schemaversion="5">
<suite id="s1" name="testesApi academy" source="g:\Meu Drive\Documentos Pessoais\QA\Qa.Coders\Academy\TestesApiRobot\tests\testesApi_academy.robot">
<test id="s1-t1" name="Cenário2: Departamento" line="23">
<kw name="Logar Admin Departamento" owner="department_testes">
<kw name="Create Dictionary" owner="BuiltIn">
<msg time="2024-05-14T00:10:14.236981" level="INFO">${body} = {'mail': 'sysadmin@qacoders.com', 'password': '1234@Test'}</msg>
<var>${body}</var>
<arg>mail=${mail}</arg>
<arg>password=${password}</arg>
<doc>Creates and returns a dictionary based on the given ``items``.</doc>
<status status="PASS" start="2024-05-14T00:10:14.235984" elapsed="0.003514"/>
</kw>
<kw name="Log" owner="BuiltIn">
<msg time="2024-05-14T00:10:14.239498" level="INFO">{'mail': 'sysadmin@qacoders.com', 'password': '1234@Test'}</msg>
<arg>${body}</arg>
<doc>Logs the given message with the given level.</doc>
<status status="PASS" start="2024-05-14T00:10:14.239498" elapsed="0.001222"/>
</kw>
<kw name="Criar Sessão" owner="department_testes">
<kw name="Create Dictionary" owner="BuiltIn">
<msg time="2024-05-14T00:10:14.241720" level="INFO">${headers} = {'accept': 'application/json', 'Content-Type': 'application/json'}</msg>
<var>${headers}</var>
<arg>accept=application/json</arg>
<arg>Content-Type=application/json</arg>
<doc>Creates and returns a dictionary based on the given ``items``.</doc>
<status status="PASS" start="2024-05-14T00:10:14.240720" elapsed="0.001000"/>
</kw>
<kw name="Create Session" owner="RequestsLibrary">
<msg time="2024-05-14T00:10:14.242726" level="INFO">Creating Session using : alias=APIAcademy, url=https://chips.qacoders-academy.com.br, headers={'accept': 'application/json', 'Content-Type': 'application/json'},                     cookies={}, auth=None, timeout=None, proxies=None, verify=False,                     debug=0 </msg>
<arg>alias=APIAcademy</arg>
<arg>url=${url}</arg>
<arg>headers=${headers}</arg>
<doc>Create Session: create a HTTP session to a server</doc>
<status status="PASS" start="2024-05-14T00:10:14.241720" elapsed="0.001996"/>
</kw>
<status status="PASS" start="2024-05-14T00:10:14.240720" elapsed="0.002996"/>
</kw>
<kw name="POST On Session" owner="RequestsLibrary">
<msg time="2024-05-14T00:10:15.100037" level="INFO">POST Request : url=https://chips.qacoders-academy.com.br/api/login/ 
 path_url=/api/login/ 
 headers={'User-Agent': 'python-requests/2.31.0', 'Accept-Encoding': 'gzip, deflate', 'accept': 'application/json', 'Connection': 'keep-alive', 'Content-Type': 'application/json', 'Content-Length': '58'} 
 body=b'{"mail": "sysadmin@qacoders.com", "password": "1234@Test"}' 
 </msg>
<msg time="2024-05-14T00:10:15.100037" level="INFO">POST Response : url=https://chips.qacoders-academy.com.br/api/login/ 
 status=200, reason=OK 
 headers={'Server': 'nginx/1.18.0 (Ubuntu)', 'Date': 'Mon, 13 May 2024 23:10:36 GMT', 'Content-Type': 'application/json; charset=utf-8', 'Transfer-Encoding': 'chunked', 'Connection': 'keep-alive', 'X-Powered-By': 'Express', 'Access-Control-Allow-Origin': '*', 'Access-Control-Allow-Methods': 'GET, POST, OPTIONS, PUT, PATCH, DELETE', 'Access-Control-Allow-Headers': 'Origin, X-Requested-With, Content-Type, Accept, Authorization', 'ETag': 'W/"534-IlXv5ODXYcr21B+MyJIOwzQZLV0"', 'Content-Encoding': 'gzip'} 
 body={"msg":"Olá Qa-Coders-SYSADMIN, autenticação autorizada com sucesso!","user":{"_id":"65330feee76064f459d5f10d","fullName":"Qa-Coders-SYSADMIN","mail":"sysadmin@qacoders.com","password":"$2b$10$aMz854AFjDMkpQfzkN4jXuCNkAjVHK/FTy.YtZaw3jGpzs/TgmKiK","accessProfile":"SYSADMIN","cpf":"11111111111","status":true,"audit":[{"registeredBy":{"userId":"111111111111111111","userLogin":"sysadmin@qacoders.com"},"registrationDate":"sexta-feira, 20/10/2023, 20:40:30 BRT","registrationNumber":"01","companyId":"Qa.Coders","_id":"65330feee76064f459d5f10e"}],"__v":0},"token":"eyJhbGciOiJIUzI1NiIsInR5cCI6IkpXVCJ9.eyJfaWQiOiI2NTMzMGZlZWU3NjA2NGY0NTlkNWYxMGQiLCJmdWxsTmFtZSI6IlFhLUNvZGVycy1TWVNBRE1JTiIsIm1haWwiOiJzeXNhZG1pbkBxYWNvZGVycy5jb20iLCJwYXNzd29yZCI6IiQyYiQxMCRhTXo4NTRBRmpETWtwUWZ6a040alh1Q05rQWpWSEsvRlR5Lll0WmF3M2pHcHpzL1RnbUtpSyIsImFjY2Vzc1Byb2ZpbGUiOiJTWVNBRE1JTiIsImNwZiI6IjExMTExMTExMTExIiwic3RhdHVzIjp0cnVlLCJhdWRpdCI6W3sicmVnaXN0ZXJlZEJ5Ijp7InVzZXJJZCI6IjExMTExMTExMTExMTExMTExMSIsInVzZXJMb2dpbiI6InN5c2FkbWluQHFhY29kZXJzLmNvbSJ9LCJyZWdpc3RyYXRpb25EYXRlIjoic2V4dGEtZmVpcmEsIDIwLzEwLzIwMjMsIDIwOjQwOjMwIEJSVCIsInJlZ2lzdHJhdGlvbk51bWJlciI6IjAxIiwiY29tcGFueUlkIjoiUWEuQ29kZXJzIiwiX2lkIjoiNjUzMzBmZWVlNzYwNjRmNDU5ZDVmMTBlIn1dLCJfX3YiOjAsImlhdCI6MTcxNTY0MTgzNiwiZXhwIjoxNzE1NzI4MjM2fQ.Krnx8Ps_dTxD0vKMwdq08QGL1390dLpbQqb_8NESryA"} 
 </msg>
<msg time="2024-05-14T00:10:15.100037" level="INFO">C:\Users\jeh_f\AppData\Local\Programs\Python\Python312\Lib\site-packages\urllib3\connectionpool.py:1103: InsecureRequestWarning: Unverified HTTPS request is being made to host 'chips.qacoders-academy.com.br'. Adding certificate verification is strongly advised. See: https://urllib3.readthedocs.io/en/latest/advanced-usage.html#tls-warnings
  warnings.warn(</msg>
<msg time="2024-05-14T00:10:15.101069" level="INFO">${response_body} = &lt;Response [200]&gt;</msg>
<var>${response_body}</var>
<arg>alias=APIAcademy</arg>
<arg>url=/api/login/</arg>
<arg>json=${body}</arg>
<arg>expected_status=200</arg>
<doc>Sends a POST request on a previously created HTTP Session.</doc>
<status status="PASS" start="2024-05-14T00:10:14.243716" elapsed="0.858367"/>
</kw>
<kw name="Log" owner="BuiltIn">
<msg time="2024-05-14T00:10:15.103196" level="INFO">{'msg': 'Olá Qa-Coders-SYSADMIN, autenticação autorizada com sucesso!', 'user': {'_id': '65330feee76064f459d5f10d', 'fullName': 'Qa-Coders-SYSADMIN', 'mail': 'sysadmin@qacoders.com', 'password': '$2b$10$aMz854AFjDMkpQfzkN4jXuCNkAjVHK/FTy.YtZaw3jGpzs/TgmKiK', 'accessProfile': 'SYSADMIN', 'cpf': '11111111111', 'status': True, 'audit': [{'registeredBy': {'userId': '111111111111111111', 'userLogin': 'sysadmin@qacoders.com'}, 'registrationDate': 'sexta-feira, 20/10/2023, 20:40:30 BRT', 'registrationNumber': '01', 'companyId': 'Qa.Coders', '_id': '65330feee76064f459d5f10e'}], '__v': 0}, 'token': 'eyJhbGciOiJIUzI1NiIsInR5cCI6IkpXVCJ9.eyJfaWQiOiI2NTMzMGZlZWU3NjA2NGY0NTlkNWYxMGQiLCJmdWxsTmFtZSI6IlFhLUNvZGVycy1TWVNBRE1JTiIsIm1haWwiOiJzeXNhZG1pbkBxYWNvZGVycy5jb20iLCJwYXNzd29yZCI6IiQyYiQxMCRhTXo4NTRBRmpETWtwUWZ6a040alh1Q05rQWpWSEsvRlR5Lll0WmF3M2pHcHpzL1RnbUtpSyIsImFjY2Vzc1Byb2ZpbGUiOiJTWVNBRE1JTiIsImNwZiI6IjExMTExMTExMTExIiwic3RhdHVzIjp0cnVlLCJhdWRpdCI6W3sicmVnaXN0ZXJlZEJ5Ijp7InVzZXJJZCI6IjExMTExMTExMTExMTExMTExMSIsInVzZXJMb2dpbiI6InN5c2FkbWluQHFhY29kZXJzLmNvbSJ9LCJyZWdpc3RyYXRpb25EYXRlIjoic2V4dGEtZmVpcmEsIDIwLzEwLzIwMjMsIDIwOjQwOjMwIEJSVCIsInJlZ2lzdHJhdGlvbk51bWJlciI6IjAxIiwiY29tcGFueUlkIjoiUWEuQ29kZXJzIiwiX2lkIjoiNjUzMzBmZWVlNzYwNjRmNDU5ZDVmMTBlIn1dLCJfX3YiOjAsImlhdCI6MTcxNTY0MTgzNiwiZXhwIjoxNzE1NzI4MjM2fQ.Krnx8Ps_dTxD0vKMwdq08QGL1390dLpbQqb_8NESryA'}</msg>
<arg>${response_body.json()}</arg>
<doc>Logs the given message with the given level.</doc>
<status status="PASS" start="2024-05-14T00:10:15.102083" elapsed="0.001113"/>
</kw>
<kw name="Set Test Variable" owner="BuiltIn">
<msg time="2024-05-14T00:10:15.105195" level="INFO">${TOKEN} = eyJhbGciOiJIUzI1NiIsInR5cCI6IkpXVCJ9.eyJfaWQiOiI2NTMzMGZlZWU3NjA2NGY0NTlkNWYxMGQiLCJmdWxsTmFtZSI6IlFhLUNvZGVycy1TWVNBRE1JTiIsIm1haWwiOiJzeXNhZG1pbkBxYWNvZGVycy5jb20iLCJwYXNzd29yZCI6IiQyYiQxMCRhTXo4NTR...</msg>
<arg>${TOKEN}</arg>
<arg>${response_body.json()["token"]}</arg>
<doc>Makes a variable available everywhere within the scope of the current test.</doc>
<status status="PASS" start="2024-05-14T00:10:15.103196" elapsed="0.001999"/>
</kw>
<status status="PASS" start="2024-05-14T00:10:14.234984" elapsed="0.870211"/>
</kw>
<kw name="Validar o token e salvar em um header de autorização" owner="board_testes">
<kw name="Create Dictionary" owner="BuiltIn">
<msg time="2024-05-14T00:10:15.107189" level="INFO">${headers} = {'Authorization': 'eyJhbGciOiJIUzI1NiIsInR5cCI6IkpXVCJ9.eyJfaWQiOiI2NTMzMGZlZWU3NjA2NGY0NTlkNWYxMGQiLCJmdWxsTmFtZSI6IlFhLUNvZGVycy1TWVNBRE1JTiIsIm1haWwiOiJzeXNhZG1pbkBxYWNvZGVycy5jb20iLCJwYXNzd29yZCI6...</msg>
<var>${headers}</var>
<arg>Authorization=${TOKEN}</arg>
<doc>Creates and returns a dictionary based on the given ``items``.</doc>
<status status="PASS" start="2024-05-14T00:10:15.107189" elapsed="0.001995"/>
</kw>
<kw name="GET On Session" owner="RequestsLibrary">
<msg time="2024-05-14T00:10:15.294405" level="INFO">GET Request : url=https://chips.qacoders-academy.com.br/api/validateToken 
 path_url=/api/validateToken 
 headers={'User-Agent': 'python-requests/2.31.0', 'Accept-Encoding': 'gzip, deflate', 'accept': 'application/json', 'Connection': 'keep-alive', 'Content-Type': 'application/json', 'Authorization': 'eyJhbGciOiJIUzI1NiIsInR5cCI6IkpXVCJ9.eyJfaWQiOiI2NTMzMGZlZWU3NjA2NGY0NTlkNWYxMGQiLCJmdWxsTmFtZSI6IlFhLUNvZGVycy1TWVNBRE1JTiIsIm1haWwiOiJzeXNhZG1pbkBxYWNvZGVycy5jb20iLCJwYXNzd29yZCI6IiQyYiQxMCRhTXo4NTRBRmpETWtwUWZ6a040alh1Q05rQWpWSEsvRlR5Lll0WmF3M2pHcHpzL1RnbUtpSyIsImFjY2Vzc1Byb2ZpbGUiOiJTWVNBRE1JTiIsImNwZiI6IjExMTExMTExMTExIiwic3RhdHVzIjp0cnVlLCJhdWRpdCI6W3sicmVnaXN0ZXJlZEJ5Ijp7InVzZXJJZCI6IjExMTExMTExMTExMTExMTExMSIsInVzZXJMb2dpbiI6InN5c2FkbWluQHFhY29kZXJzLmNvbSJ9LCJyZWdpc3RyYXRpb25EYXRlIjoic2V4dGEtZmVpcmEsIDIwLzEwLzIwMjMsIDIwOjQwOjMwIEJSVCIsInJlZ2lzdHJhdGlvbk51bWJlciI6IjAxIiwiY29tcGFueUlkIjoiUWEuQ29kZXJzIiwiX2lkIjoiNjUzMzBmZWVlNzYwNjRmNDU5ZDVmMTBlIn1dLCJfX3YiOjAsImlhdCI6MTcxNTY0MTgzNiwiZXhwIjoxNzE1NzI4MjM2fQ.Krnx8Ps_dTxD0vKMwdq08QGL1390dLpbQqb_8NESryA'} 
 body=None 
 </msg>
<msg time="2024-05-14T00:10:15.295445" level="INFO">GET Response : url=https://chips.qacoders-academy.com.br/api/validateToken 
 status=200, reason=OK 
 headers={'Server': 'nginx/1.18.0 (Ubuntu)', 'Date': 'Mon, 13 May 2024 23:10:36 GMT', 'Content-Type': 'application/json; charset=utf-8', 'Content-Length': '14', 'Connection': 'keep-alive', 'X-Powered-By': 'Express', 'Access-Control-Allow-Origin': '*', 'Access-Control-Allow-Methods': 'GET, POST, OPTIONS, PUT, PATCH, DELETE', 'Access-Control-Allow-Headers': 'Origin, X-Requested-With, Content-Type, Accept, Authorization', 'ETag': 'W/"e-3MDSGou3nIOvlBZElUyTiBbaRZY"'} 
 body={"valid":true} 
 </msg>
<msg time="2024-05-14T00:10:15.295445" level="INFO">C:\Users\jeh_f\AppData\Local\Programs\Python\Python312\Lib\site-packages\urllib3\connectionpool.py:1103: InsecureRequestWarning: Unverified HTTPS request is being made to host 'chips.qacoders-academy.com.br'. Adding certificate verification is strongly advised. See: https://urllib3.readthedocs.io/en/latest/advanced-usage.html#tls-warnings
  warnings.warn(</msg>
<msg time="2024-05-14T00:10:15.297693" level="INFO">${response_body} = &lt;Response [200]&gt;</msg>
<var>${response_body}</var>
<arg>alias=APIAcademy</arg>
<arg>url=/api/validateToken</arg>
<arg>headers=${headers}</arg>
<doc>Sends a GET request on a previously created HTTP Session.</doc>
<status status="PASS" start="2024-05-14T00:10:15.109184" elapsed="0.188509"/>
</kw>
<kw name="Log" owner="BuiltIn">
<msg time="2024-05-14T00:10:15.300897" level="INFO">{"valid":true}</msg>
<arg>${response_body.content}</arg>
<doc>Logs the given message with the given level.</doc>
<status status="PASS" start="2024-05-14T00:10:15.298895" elapsed="0.003007"/>
</kw>
<kw name="Log" owner="BuiltIn">
<msg time="2024-05-14T00:10:15.302899" level="INFO">eyJhbGciOiJIUzI1NiIsInR5cCI6IkpXVCJ9.eyJfaWQiOiI2NTMzMGZlZWU3NjA2NGY0NTlkNWYxMGQiLCJmdWxsTmFtZSI6IlFhLUNvZGVycy1TWVNBRE1JTiIsIm1haWwiOiJzeXNhZG1pbkBxYWNvZGVycy5jb20iLCJwYXNzd29yZCI6IiQyYiQxMCRhTXo4NTRBRmpETWtwUWZ6a040alh1Q05rQWpWSEsvRlR5Lll0WmF3M2pHcHpzL1RnbUtpSyIsImFjY2Vzc1Byb2ZpbGUiOiJTWVNBRE1JTiIsImNwZiI6IjExMTExMTExMTExIiwic3RhdHVzIjp0cnVlLCJhdWRpdCI6W3sicmVnaXN0ZXJlZEJ5Ijp7InVzZXJJZCI6IjExMTExMTExMTExMTExMTExMSIsInVzZXJMb2dpbiI6InN5c2FkbWluQHFhY29kZXJzLmNvbSJ9LCJyZWdpc3RyYXRpb25EYXRlIjoic2V4dGEtZmVpcmEsIDIwLzEwLzIwMjMsIDIwOjQwOjMwIEJSVCIsInJlZ2lzdHJhdGlvbk51bWJlciI6IjAxIiwiY29tcGFueUlkIjoiUWEuQ29kZXJzIiwiX2lkIjoiNjUzMzBmZWVlNzYwNjRmNDU5ZDVmMTBlIn1dLCJfX3YiOjAsImlhdCI6MTcxNTY0MTgzNiwiZXhwIjoxNzE1NzI4MjM2fQ.Krnx8Ps_dTxD0vKMwdq08QGL1390dLpbQqb_8NESryA</msg>
<arg>${TOKEN}</arg>
<doc>Logs the given message with the given level.</doc>
<status status="PASS" start="2024-05-14T00:10:15.301902" elapsed="0.000997"/>
</kw>
<status status="PASS" start="2024-05-14T00:10:15.106192" elapsed="0.197702"/>
</kw>
<kw name="Criar uma Diretoria com sucesso no Departamento" owner="department_testes">
<kw name="Language Name" owner="FakerLibrary">
<msg time="2024-05-14T00:10:15.305891" level="INFO">${randon_boardName} = Panjabi</msg>
<var>${randon_boardName}</var>
<doc>Generate a random i18n language name (e.g. English).</doc>
<status status="PASS" start="2024-05-14T00:10:15.304892" elapsed="0.000999"/>
</kw>
<kw name="Create Dictionary" owner="BuiltIn">
<msg time="2024-05-14T00:10:15.307144" level="INFO">${body} = {'boardName': 'Panjabi'}</msg>
<var>${body}</var>
<arg>boardName=${randon_boardName}</arg>
<doc>Creates and returns a dictionary based on the given ``items``.</doc>
<status status="PASS" start="2024-05-14T00:10:15.305891" elapsed="0.001253"/>
</kw>
<kw name="Log" owner="BuiltIn">
<msg time="2024-05-14T00:10:15.307144" level="INFO">{'boardName': 'Panjabi'}</msg>
<arg>${body}</arg>
<doc>Logs the given message with the given level.</doc>
<status status="PASS" start="2024-05-14T00:10:15.307144" elapsed="0.000000"/>
</kw>
<kw name="Criar Sessão" owner="department_testes">
<kw name="Create Dictionary" owner="BuiltIn">
<msg time="2024-05-14T00:10:15.308987" level="INFO">${headers} = {'accept': 'application/json', 'Content-Type': 'application/json'}</msg>
<var>${headers}</var>
<arg>accept=application/json</arg>
<arg>Content-Type=application/json</arg>
<doc>Creates and returns a dictionary based on the given ``items``.</doc>
<status status="PASS" start="2024-05-14T00:10:15.308483" elapsed="0.000504"/>
</kw>
<kw name="Create Session" owner="RequestsLibrary">
<msg time="2024-05-14T00:10:15.310208" level="INFO">Creating Session using : alias=APIAcademy, url=https://chips.qacoders-academy.com.br, headers={'accept': 'application/json', 'Content-Type': 'application/json'},                     cookies={}, auth=None, timeout=None, proxies=None, verify=False,                     debug=0 </msg>
<arg>alias=APIAcademy</arg>
<arg>url=${url}</arg>
<arg>headers=${headers}</arg>
<doc>Create Session: create a HTTP session to a server</doc>
<status status="PASS" start="2024-05-14T00:10:15.308987" elapsed="0.001221"/>
</kw>
<status status="PASS" start="2024-05-14T00:10:15.307144" elapsed="0.003064"/>
</kw>
<kw name="Create Dictionary" owner="BuiltIn">
<msg time="2024-05-14T00:10:15.311417" level="INFO">${headers} = {'Authorization': 'eyJhbGciOiJIUzI1NiIsInR5cCI6IkpXVCJ9.eyJfaWQiOiI2NTMzMGZlZWU3NjA2NGY0NTlkNWYxMGQiLCJmdWxsTmFtZSI6IlFhLUNvZGVycy1TWVNBRE1JTiIsIm1haWwiOiJzeXNhZG1pbkBxYWNvZGVycy5jb20iLCJwYXNzd29yZCI6...</msg>
<var>${headers}</var>
<arg>Authorization=${TOKEN}</arg>
<doc>Creates and returns a dictionary based on the given ``items``.</doc>
<status status="PASS" start="2024-05-14T00:10:15.310208" elapsed="0.001209"/>
</kw>
<kw name="POST On Session" owner="RequestsLibrary">
<msg time="2024-05-14T00:10:16.016056" level="INFO">POST Request : url=https://chips.qacoders-academy.com.br/api/board/ 
 path_url=/api/board/ 
 headers={'User-Agent': 'python-requests/2.31.0', 'Accept-Encoding': 'gzip, deflate', 'accept': 'application/json', 'Connection': 'keep-alive', 'Content-Type': 'application/json', 'Authorization': 'eyJhbGciOiJIUzI1NiIsInR5cCI6IkpXVCJ9.eyJfaWQiOiI2NTMzMGZlZWU3NjA2NGY0NTlkNWYxMGQiLCJmdWxsTmFtZSI6IlFhLUNvZGVycy1TWVNBRE1JTiIsIm1haWwiOiJzeXNhZG1pbkBxYWNvZGVycy5jb20iLCJwYXNzd29yZCI6IiQyYiQxMCRhTXo4NTRBRmpETWtwUWZ6a040alh1Q05rQWpWSEsvRlR5Lll0WmF3M2pHcHpzL1RnbUtpSyIsImFjY2Vzc1Byb2ZpbGUiOiJTWVNBRE1JTiIsImNwZiI6IjExMTExMTExMTExIiwic3RhdHVzIjp0cnVlLCJhdWRpdCI6W3sicmVnaXN0ZXJlZEJ5Ijp7InVzZXJJZCI6IjExMTExMTExMTExMTExMTExMSIsInVzZXJMb2dpbiI6InN5c2FkbWluQHFhY29kZXJzLmNvbSJ9LCJyZWdpc3RyYXRpb25EYXRlIjoic2V4dGEtZmVpcmEsIDIwLzEwLzIwMjMsIDIwOjQwOjMwIEJSVCIsInJlZ2lzdHJhdGlvbk51bWJlciI6IjAxIiwiY29tcGFueUlkIjoiUWEuQ29kZXJzIiwiX2lkIjoiNjUzMzBmZWVlNzYwNjRmNDU5ZDVmMTBlIn1dLCJfX3YiOjAsImlhdCI6MTcxNTY0MTgzNiwiZXhwIjoxNzE1NzI4MjM2fQ.Krnx8Ps_dTxD0vKMwdq08QGL1390dLpbQqb_8NESryA', 'Content-Length': '24'} 
 body=b'{"boardName": "Panjabi"}' 
 </msg>
<msg time="2024-05-14T00:10:16.027326" level="INFO">POST Response : url=https://chips.qacoders-academy.com.br/api/board/ 
 status=201, reason=Created 
 headers={'Server': 'nginx/1.18.0 (Ubuntu)', 'Date': 'Mon, 13 May 2024 23:10:37 GMT', 'Content-Type': 'application/json; charset=utf-8', 'Content-Length': '344', 'Connection': 'keep-alive', 'X-Powered-By': 'Express', 'Access-Control-Allow-Origin': '*', 'Access-Control-Allow-Methods': 'GET, POST, OPTIONS, PUT, PATCH, DELETE', 'Access-Control-Allow-Headers': 'Origin, X-Requested-With, Content-Type, Accept, Authorization', 'ETag': 'W/"158-e1IEgCggGCQbBR5PMqr4Sb1AyyQ"'} 
 body={"msg":"Cadastro realizado com sucesso!","newBoard":{"boardName":"Panjabi","boardCode":"669","status":true,"audit":[{"registrationDate":"segunda-feira, 13/05/2024, 20:10:37 BRT","registeredBy":{"userId":"65330feee76064f459d5f10d","userLogin":"sysadmin@qacoders.com"},"_id":"66429ded32cfe27bbd2a05bd"}],"_id":"66429ded32cfe27bbd2a05bc","__v":0}} 
 </msg>
<msg time="2024-05-14T00:10:16.027326" level="INFO">C:\Users\jeh_f\AppData\Local\Programs\Python\Python312\Lib\site-packages\urllib3\connectionpool.py:1103: InsecureRequestWarning: Unverified HTTPS request is being made to host 'chips.qacoders-academy.com.br'. Adding certificate verification is strongly advised. See: https://urllib3.readthedocs.io/en/latest/advanced-usage.html#tls-warnings
  warnings.warn(</msg>
<msg time="2024-05-14T00:10:16.029571" level="INFO">${create_board} = &lt;Response [201]&gt;</msg>
<var>${create_board}</var>
<arg>alias=APIAcademy</arg>
<arg>url=/api/board/</arg>
<arg>json=${body}</arg>
<arg>headers=${headers}</arg>
<arg>expected_status=201</arg>
<doc>Sends a POST request on a previously created HTTP Session.</doc>
<status status="PASS" start="2024-05-14T00:10:15.311417" elapsed="0.718154"/>
</kw>
<kw name="Log" owner="BuiltIn">
<msg time="2024-05-14T00:10:16.032609" level="INFO">{'msg': 'Cadastro realizado com sucesso!', 'newBoard': {'boardName': 'Panjabi', 'boardCode': '669', 'status': True, 'audit': [{'registrationDate': 'segunda-feira, 13/05/2024, 20:10:37 BRT', 'registeredBy': {'userId': '65330feee76064f459d5f10d', 'userLogin': 'sysadmin@qacoders.com'}, '_id': '66429ded32cfe27bbd2a05bd'}], '_id': '66429ded32cfe27bbd2a05bc', '__v': 0}}</msg>
<arg>${create_board.json()}</arg>
<doc>Logs the given message with the given level.</doc>
<status status="PASS" start="2024-05-14T00:10:16.030604" elapsed="0.002005"/>
</kw>
<kw name="Set Test Variable" owner="BuiltIn">
<msg time="2024-05-14T00:10:16.035600" level="INFO">${ID_BOARD} = 66429ded32cfe27bbd2a05bc</msg>
<arg>${ID_BOARD}</arg>
<arg>${create_board.json()["newBoard"]["_id"]}</arg>
<doc>Makes a variable available everywhere within the scope of the current test.</doc>
<status status="PASS" start="2024-05-14T00:10:16.032609" elapsed="0.002991"/>
</kw>
<kw name="Set Test Variable" owner="BuiltIn">
<msg time="2024-05-14T00:10:16.037620" level="INFO">${CREATE_BOARD} = {'msg': 'Cadastro realizado com sucesso!', 'newBoard': {'boardName': 'Panjabi', 'boardCode': '669', 'status': True, 'audit': [{'registrationDate': 'segunda-feira, 13/05/2024, 20:10:37 BRT', 'registere...</msg>
<arg>${CREATE_BOARD}</arg>
<arg>${create_board.json()}</arg>
<doc>Makes a variable available everywhere within the scope of the current test.</doc>
<status status="PASS" start="2024-05-14T00:10:16.035600" elapsed="0.002020"/>
</kw>
<status status="PASS" start="2024-05-14T00:10:15.304892" elapsed="0.732728"/>
</kw>
<kw name="Validar que a nova diretoria foi cadastrada corretamente" owner="board_testes">
<kw name="Log" owner="BuiltIn">
<msg time="2024-05-14T00:10:16.039690" level="INFO">{'msg': 'Cadastro realizado com sucesso!', 'newBoard': {'boardName': 'Panjabi', 'boardCode': '669', 'status': True, 'audit': [{'registrationDate': 'segunda-feira, 13/05/2024, 20:10:37 BRT', 'registeredBy': {'userId': '65330feee76064f459d5f10d', 'userLogin': 'sysadmin@qacoders.com'}, '_id': '66429ded32cfe27bbd2a05bd'}], '_id': '66429ded32cfe27bbd2a05bc', '__v': 0}}</msg>
<arg>${CREATE_BOARD}</arg>
<doc>Logs the given message with the given level.</doc>
<status status="PASS" start="2024-05-14T00:10:16.039690" elapsed="0.000000"/>
</kw>
<kw name="Dictionary Should Contain Value" owner="Collections">
<msg time="2024-05-14T00:10:16.040725" level="INFO">False</msg>
<arg>${CREATE_BOARD}</arg>
<arg>${msgCreatBoardSucess}</arg>
<doc>Fails if ``value`` is not found from ``dictionary``.</doc>
<status status="PASS" start="2024-05-14T00:10:16.040725" elapsed="0.000000"/>
</kw>
<status status="PASS" start="2024-05-14T00:10:16.038588" elapsed="0.003132"/>
</kw>
<kw name="Criar um Centro de Custo" owner="department_testes">
<kw name="Language Name" owner="FakerLibrary">
<msg time="2024-05-14T00:10:16.043898" level="INFO">${randon_costName} = Panjabi</msg>
<var>${randon_costName}</var>
<doc>Generate a random i18n language name (e.g. English).</doc>
<status status="PASS" start="2024-05-14T00:10:16.042690" elapsed="0.001208"/>
</kw>
<kw name="Create Dictionary" owner="BuiltIn">
<msg time="2024-05-14T00:10:16.044902" level="INFO">${body} = {'costCenterName': 'Panjabi', 'boardId': '66429ded32cfe27bbd2a05bc'}</msg>
<var>${body}</var>
<arg>costCenterName=${randon_costName}</arg>
<arg>boardId=${ID_BOARD}</arg>
<doc>Creates and returns a dictionary based on the given ``items``.</doc>
<status status="PASS" start="2024-05-14T00:10:16.043898" elapsed="0.001004"/>
</kw>
<kw name="Log" owner="BuiltIn">
<msg time="2024-05-14T00:10:16.046411" level="INFO">{'costCenterName': 'Panjabi', 'boardId': '66429ded32cfe27bbd2a05bc'}</msg>
<arg>${body}</arg>
<doc>Logs the given message with the given level.</doc>
<status status="PASS" start="2024-05-14T00:10:16.044902" elapsed="0.001509"/>
</kw>
<kw name="Criar Sessão" owner="department_testes">
<kw name="Create Dictionary" owner="BuiltIn">
<msg time="2024-05-14T00:10:16.048412" level="INFO">${headers} = {'accept': 'application/json', 'Content-Type': 'application/json'}</msg>
<var>${headers}</var>
<arg>accept=application/json</arg>
<arg>Content-Type=application/json</arg>
<doc>Creates and returns a dictionary based on the given ``items``.</doc>
<status status="PASS" start="2024-05-14T00:10:16.047414" elapsed="0.000998"/>
</kw>
<kw name="Create Session" owner="RequestsLibrary">
<msg time="2024-05-14T00:10:16.049408" level="INFO">Creating Session using : alias=APIAcademy, url=https://chips.qacoders-academy.com.br, headers={'accept': 'application/json', 'Content-Type': 'application/json'},                     cookies={}, auth=None, timeout=None, proxies=None, verify=False,                     debug=0 </msg>
<arg>alias=APIAcademy</arg>
<arg>url=${url}</arg>
<arg>headers=${headers}</arg>
<doc>Create Session: create a HTTP session to a server</doc>
<status status="PASS" start="2024-05-14T00:10:16.048412" elapsed="0.001998"/>
</kw>
<status status="PASS" start="2024-05-14T00:10:16.046411" elapsed="0.003999"/>
</kw>
<kw name="Create Dictionary" owner="BuiltIn">
<msg time="2024-05-14T00:10:16.062377" level="INFO">${headers} = {'Authorization': 'eyJhbGciOiJIUzI1NiIsInR5cCI6IkpXVCJ9.eyJfaWQiOiI2NTMzMGZlZWU3NjA2NGY0NTlkNWYxMGQiLCJmdWxsTmFtZSI6IlFhLUNvZGVycy1TWVNBRE1JTiIsIm1haWwiOiJzeXNhZG1pbkBxYWNvZGVycy5jb20iLCJwYXNzd29yZCI6...</msg>
<var>${headers}</var>
<arg>Authorization=${TOKEN}</arg>
<doc>Creates and returns a dictionary based on the given ``items``.</doc>
<status status="PASS" start="2024-05-14T00:10:16.050410" elapsed="0.011967"/>
</kw>
<kw name="POST On Session" owner="RequestsLibrary">
<msg time="2024-05-14T00:10:16.726659" level="INFO">POST Request : url=https://chips.qacoders-academy.com.br/api/costCenter/ 
 path_url=/api/costCenter/ 
 headers={'User-Agent': 'python-requests/2.31.0', 'Accept-Encoding': 'gzip, deflate', 'accept': 'application/json', 'Connection': 'keep-alive', 'Content-Type': 'application/json', 'Authorization': 'eyJhbGciOiJIUzI1NiIsInR5cCI6IkpXVCJ9.eyJfaWQiOiI2NTMzMGZlZWU3NjA2NGY0NTlkNWYxMGQiLCJmdWxsTmFtZSI6IlFhLUNvZGVycy1TWVNBRE1JTiIsIm1haWwiOiJzeXNhZG1pbkBxYWNvZGVycy5jb20iLCJwYXNzd29yZCI6IiQyYiQxMCRhTXo4NTRBRmpETWtwUWZ6a040alh1Q05rQWpWSEsvRlR5Lll0WmF3M2pHcHpzL1RnbUtpSyIsImFjY2Vzc1Byb2ZpbGUiOiJTWVNBRE1JTiIsImNwZiI6IjExMTExMTExMTExIiwic3RhdHVzIjp0cnVlLCJhdWRpdCI6W3sicmVnaXN0ZXJlZEJ5Ijp7InVzZXJJZCI6IjExMTExMTExMTExMTExMTExMSIsInVzZXJMb2dpbiI6InN5c2FkbWluQHFhY29kZXJzLmNvbSJ9LCJyZWdpc3RyYXRpb25EYXRlIjoic2V4dGEtZmVpcmEsIDIwLzEwLzIwMjMsIDIwOjQwOjMwIEJSVCIsInJlZ2lzdHJhdGlvbk51bWJlciI6IjAxIiwiY29tcGFueUlkIjoiUWEuQ29kZXJzIiwiX2lkIjoiNjUzMzBmZWVlNzYwNjRmNDU5ZDVmMTBlIn1dLCJfX3YiOjAsImlhdCI6MTcxNTY0MTgzNiwiZXhwIjoxNzE1NzI4MjM2fQ.Krnx8Ps_dTxD0vKMwdq08QGL1390dLpbQqb_8NESryA', 'Content-Length': '68'} 
 body=b'{"costCenterName": "Panjabi", "boardId": "66429ded32cfe27bbd2a05bc"}' 
 </msg>
<msg time="2024-05-14T00:10:16.728278" level="INFO">POST Response : url=https://chips.qacoders-academy.com.br/api/costCenter/ 
 status=201, reason=Created 
 headers={'Server': 'nginx/1.18.0 (Ubuntu)', 'Date': 'Mon, 13 May 2024 23:10:38 GMT', 'Content-Type': 'application/json; charset=utf-8', 'Content-Length': '397', 'Connection': 'keep-alive', 'X-Powered-By': 'Express', 'Access-Control-Allow-Origin': '*', 'Access-Control-Allow-Methods': 'GET, POST, OPTIONS, PUT, PATCH, DELETE', 'Access-Control-Allow-Headers': 'Origin, X-Requested-With, Content-Type, Accept, Authorization', 'ETag': 'W/"18d-rfJ3Iy0DA1UMnE8xt08RUiTarr8"'} 
 body={"msg":"Cadastro realizado com sucesso.","newCostCenter":{"costCenterName":"Panjabi","costCenterCode":"669.01","board":"66429ded32cfe27bbd2a05bc","status":true,"audit":[{"registrationDate":"segunda-feira, 13/05/2024, 20:10:37 BRT","registeredBy":{"userId":"65330feee76064f459d5f10d","userLogin":"sysadmin@qacoders.com"},"_id":"66429ded32cfe27bbd2a05c6"}],"_id":"66429ded32cfe27bbd2a05c5","__v":0}} 
 </msg>
<msg time="2024-05-14T00:10:16.728278" level="INFO">C:\Users\jeh_f\AppData\Local\Programs\Python\Python312\Lib\site-packages\urllib3\connectionpool.py:1103: InsecureRequestWarning: Unverified HTTPS request is being made to host 'chips.qacoders-academy.com.br'. Adding certificate verification is strongly advised. See: https://urllib3.readthedocs.io/en/latest/advanced-usage.html#tls-warnings
  warnings.warn(</msg>
<msg time="2024-05-14T00:10:16.730563" level="INFO">${create_cost_center} = &lt;Response [201]&gt;</msg>
<var>${create_cost_center}</var>
<arg>alias=APIAcademy</arg>
<arg>url=/api/costCenter/</arg>
<arg>json=${body}</arg>
<arg>headers=${headers}</arg>
<arg>expected_status=201</arg>
<doc>Sends a POST request on a previously created HTTP Session.</doc>
<status status="PASS" start="2024-05-14T00:10:16.062377" elapsed="0.669185"/>
</kw>
<kw name="Log" owner="BuiltIn">
<msg time="2024-05-14T00:10:16.735485" level="INFO">{'msg': 'Cadastro realizado com sucesso.', 'newCostCenter': {'costCenterName': 'Panjabi', 'costCenterCode': '669.01', 'board': '66429ded32cfe27bbd2a05bc', 'status': True, 'audit': [{'registrationDate': 'segunda-feira, 13/05/2024, 20:10:37 BRT', 'registeredBy': {'userId': '65330feee76064f459d5f10d', 'userLogin': 'sysadmin@qacoders.com'}, '_id': '66429ded32cfe27bbd2a05c6'}], '_id': '66429ded32cfe27bbd2a05c5', '__v': 0}}</msg>
<arg>${create_costCenter.json()}</arg>
<doc>Logs the given message with the given level.</doc>
<status status="PASS" start="2024-05-14T00:10:16.733010" elapsed="0.002475"/>
</kw>
<kw name="Set Test Variable" owner="BuiltIn">
<msg time="2024-05-14T00:10:16.740271" level="INFO">${ID_COST_CENTER} = 66429ded32cfe27bbd2a05c5</msg>
<arg>${ID_COST_CENTER}</arg>
<arg>${create_cost_center.json()["newCostCenter"]["_id"]}</arg>
<doc>Makes a variable available everywhere within the scope of the current test.</doc>
<status status="PASS" start="2024-05-14T00:10:16.736497" elapsed="0.003774"/>
</kw>
<kw name="Set Test Variable" owner="BuiltIn">
<msg time="2024-05-14T00:10:16.741422" level="INFO">${CREATE_COST_CENTER} = {'msg': 'Cadastro realizado com sucesso.', 'newCostCenter': {'costCenterName': 'Panjabi', 'costCenterCode': '669.01', 'board': '66429ded32cfe27bbd2a05bc', 'status': True, 'audit': [{'registrationDate'...</msg>
<arg>${CREATE_COST_CENTER}</arg>
<arg>${create_cost_center.json()}</arg>
<doc>Makes a variable available everywhere within the scope of the current test.</doc>
<status status="PASS" start="2024-05-14T00:10:16.740271" elapsed="0.002354"/>
</kw>
<status status="PASS" start="2024-05-14T00:10:16.042690" elapsed="0.699935"/>
</kw>
<kw name="Criar um Departamento com sucesso" owner="department_testes">
<kw name="Language Name" owner="FakerLibrary">
<msg time="2024-05-14T00:10:16.745338" level="INFO">${randon_departmentName} = Swedish</msg>
<var>${randon_departmentName}</var>
<doc>Generate a random i18n language name (e.g. English).</doc>
<status status="PASS" start="2024-05-14T00:10:16.744336" elapsed="0.001002"/>
</kw>
<kw name="Create Dictionary" owner="BuiltIn">
<msg time="2024-05-14T00:10:16.746571" level="INFO">${body} = {'departmentName': 'Swedish', 'costCenterId': '66429ded32cfe27bbd2a05c5'}</msg>
<var>${body}</var>
<arg>departmentName=${randon_departmentName}</arg>
<arg>costCenterId=${ID_COST_CENTER}</arg>
<doc>Creates and returns a dictionary based on the given ``items``.</doc>
<status status="PASS" start="2024-05-14T00:10:16.745338" elapsed="0.001233"/>
</kw>
<kw name="Log" owner="BuiltIn">
<msg time="2024-05-14T00:10:16.746571" level="INFO">{'departmentName': 'Swedish', 'costCenterId': '66429ded32cfe27bbd2a05c5'}</msg>
<arg>${body}</arg>
<doc>Logs the given message with the given level.</doc>
<status status="PASS" start="2024-05-14T00:10:16.746571" elapsed="0.000000"/>
</kw>
<kw name="Criar Sessão" owner="department_testes">
<kw name="Create Dictionary" owner="BuiltIn">
<msg time="2024-05-14T00:10:16.748371" level="INFO">${headers} = {'accept': 'application/json', 'Content-Type': 'application/json'}</msg>
<var>${headers}</var>
<arg>accept=application/json</arg>
<arg>Content-Type=application/json</arg>
<doc>Creates and returns a dictionary based on the given ``items``.</doc>
<status status="PASS" start="2024-05-14T00:10:16.748371" elapsed="0.001046"/>
</kw>
<kw name="Create Session" owner="RequestsLibrary">
<msg time="2024-05-14T00:10:16.749925" level="INFO">Creating Session using : alias=APIAcademy, url=https://chips.qacoders-academy.com.br, headers={'accept': 'application/json', 'Content-Type': 'application/json'},                     cookies={}, auth=None, timeout=None, proxies=None, verify=False,                     debug=0 </msg>
<arg>alias=APIAcademy</arg>
<arg>url=${url}</arg>
<arg>headers=${headers}</arg>
<doc>Create Session: create a HTTP session to a server</doc>
<status status="PASS" start="2024-05-14T00:10:16.749417" elapsed="0.000508"/>
</kw>
<status status="PASS" start="2024-05-14T00:10:16.747829" elapsed="0.002096"/>
</kw>
<kw name="Create Dictionary" owner="BuiltIn">
<msg time="2024-05-14T00:10:16.751099" level="INFO">${headers} = {'Authorization': 'eyJhbGciOiJIUzI1NiIsInR5cCI6IkpXVCJ9.eyJfaWQiOiI2NTMzMGZlZWU3NjA2NGY0NTlkNWYxMGQiLCJmdWxsTmFtZSI6IlFhLUNvZGVycy1TWVNBRE1JTiIsIm1haWwiOiJzeXNhZG1pbkBxYWNvZGVycy5jb20iLCJwYXNzd29yZCI6...</msg>
<var>${headers}</var>
<arg>Authorization=${TOKEN}</arg>
<doc>Creates and returns a dictionary based on the given ``items``.</doc>
<status status="PASS" start="2024-05-14T00:10:16.749925" elapsed="0.001679"/>
</kw>
<kw name="POST On Session" owner="RequestsLibrary">
<msg time="2024-05-14T00:10:17.410214" level="INFO">POST Request : url=https://chips.qacoders-academy.com.br/api/department/ 
 path_url=/api/department/ 
 headers={'User-Agent': 'python-requests/2.31.0', 'Accept-Encoding': 'gzip, deflate', 'accept': 'application/json', 'Connection': 'keep-alive', 'Content-Type': 'application/json', 'Authorization': 'eyJhbGciOiJIUzI1NiIsInR5cCI6IkpXVCJ9.eyJfaWQiOiI2NTMzMGZlZWU3NjA2NGY0NTlkNWYxMGQiLCJmdWxsTmFtZSI6IlFhLUNvZGVycy1TWVNBRE1JTiIsIm1haWwiOiJzeXNhZG1pbkBxYWNvZGVycy5jb20iLCJwYXNzd29yZCI6IiQyYiQxMCRhTXo4NTRBRmpETWtwUWZ6a040alh1Q05rQWpWSEsvRlR5Lll0WmF3M2pHcHpzL1RnbUtpSyIsImFjY2Vzc1Byb2ZpbGUiOiJTWVNBRE1JTiIsImNwZiI6IjExMTExMTExMTExIiwic3RhdHVzIjp0cnVlLCJhdWRpdCI6W3sicmVnaXN0ZXJlZEJ5Ijp7InVzZXJJZCI6IjExMTExMTExMTExMTExMTExMSIsInVzZXJMb2dpbiI6InN5c2FkbWluQHFhY29kZXJzLmNvbSJ9LCJyZWdpc3RyYXRpb25EYXRlIjoic2V4dGEtZmVpcmEsIDIwLzEwLzIwMjMsIDIwOjQwOjMwIEJSVCIsInJlZ2lzdHJhdGlvbk51bWJlciI6IjAxIiwiY29tcGFueUlkIjoiUWEuQ29kZXJzIiwiX2lkIjoiNjUzMzBmZWVlNzYwNjRmNDU5ZDVmMTBlIn1dLCJfX3YiOjAsImlhdCI6MTcxNTY0MTgzNiwiZXhwIjoxNzE1NzI4MjM2fQ.Krnx8Ps_dTxD0vKMwdq08QGL1390dLpbQqb_8NESryA', 'Content-Length': '73'} 
 body=b'{"departmentName": "Swedish", "costCenterId": "66429ded32cfe27bbd2a05c5"}' 
 </msg>
<msg time="2024-05-14T00:10:17.411179" level="INFO">POST Response : url=https://chips.qacoders-academy.com.br/api/department/ 
 status=201, reason=Created 
 headers={'Server': 'nginx/1.18.0 (Ubuntu)', 'Date': 'Mon, 13 May 2024 23:10:38 GMT', 'Content-Type': 'application/json; charset=utf-8', 'Content-Length': '376', 'Connection': 'keep-alive', 'X-Powered-By': 'Express', 'Access-Control-Allow-Origin': '*', 'Access-Control-Allow-Methods': 'GET, POST, OPTIONS, PUT, PATCH, DELETE', 'Access-Control-Allow-Headers': 'Origin, X-Requested-With, Content-Type, Accept, Authorization', 'ETag': 'W/"178-+6mH8foYwP4xOnUMhuZK3XYXVAc"'} 
 body={"msg":"Cadastro realizado com sucesso.","newDepartment":{"departmentName":"Swedish","costCenter":"66429ded32cfe27bbd2a05c5","status":true,"audit":[{"registrationDate":"segunda-feira, 13/05/2024, 20:10:38 BRT","registeredBy":{"userId":"65330feee76064f459d5f10d","userLogin":"sysadmin@qacoders.com"},"_id":"66429dee32cfe27bbd2a05ce"}],"_id":"66429dee32cfe27bbd2a05cd","__v":0}} 
 </msg>
<msg time="2024-05-14T00:10:17.412208" level="INFO">C:\Users\jeh_f\AppData\Local\Programs\Python\Python312\Lib\site-packages\urllib3\connectionpool.py:1103: InsecureRequestWarning: Unverified HTTPS request is being made to host 'chips.qacoders-academy.com.br'. Adding certificate verification is strongly advised. See: https://urllib3.readthedocs.io/en/latest/advanced-usage.html#tls-warnings
  warnings.warn(</msg>
<msg time="2024-05-14T00:10:17.415166" level="INFO">${create_department} = &lt;Response [201]&gt;</msg>
<var>${create_department}</var>
<arg>alias=APIAcademy</arg>
<arg>url=/api/department/</arg>
<arg>json=${body}</arg>
<arg>headers=${headers}</arg>
<arg>expected_status=201</arg>
<doc>Sends a POST request on a previously created HTTP Session.</doc>
<status status="PASS" start="2024-05-14T00:10:16.751604" elapsed="0.664774"/>
</kw>
<kw name="Log" owner="BuiltIn">
<msg time="2024-05-14T00:10:17.420023" level="INFO">{'msg': 'Cadastro realizado com sucesso.', 'newDepartment': {'departmentName': 'Swedish', 'costCenter': '66429ded32cfe27bbd2a05c5', 'status': True, 'audit': [{'registrationDate': 'segunda-feira, 13/05/2024, 20:10:38 BRT', 'registeredBy': {'userId': '65330feee76064f459d5f10d', 'userLogin': 'sysadmin@qacoders.com'}, '_id': '66429dee32cfe27bbd2a05ce'}], '_id': '66429dee32cfe27bbd2a05cd', '__v': 0}}</msg>
<arg>${create_department.json()}</arg>
<doc>Logs the given message with the given level.</doc>
<status status="PASS" start="2024-05-14T00:10:17.417702" elapsed="0.003777"/>
</kw>
<kw name="Set Test Variable" owner="BuiltIn">
<msg time="2024-05-14T00:10:17.425691" level="INFO">${ID_DEPARTMENT} = 66429dee32cfe27bbd2a05cd</msg>
<arg>${ID_DEPARTMENT}</arg>
<arg>${create_department.json()["newDepartment"]["_id"]}</arg>
<doc>Makes a variable available everywhere within the scope of the current test.</doc>
<status status="PASS" start="2024-05-14T00:10:17.422624" elapsed="0.003067"/>
</kw>
<kw name="Set Test Variable" owner="BuiltIn">
<msg time="2024-05-14T00:10:17.427969" level="INFO">${CREATE_DEPARTMENT} = {'msg': 'Cadastro realizado com sucesso.', 'newDepartment': {'departmentName': 'Swedish', 'costCenter': '66429ded32cfe27bbd2a05c5', 'status': True, 'audit': [{'registrationDate': 'segunda-feira, 13/05...</msg>
<arg>${CREATE_DEPARTMENT}</arg>
<arg>${create_department.json()}</arg>
<doc>Makes a variable available everywhere within the scope of the current test.</doc>
<status status="PASS" start="2024-05-14T00:10:17.426962" elapsed="0.001007"/>
</kw>
<status status="PASS" start="2024-05-14T00:10:16.743134" elapsed="0.685895"/>
</kw>
<kw name="Validar que o novo departamento foi cadastrado corretamente" owner="department_testes">
<kw name="Log" owner="BuiltIn">
<msg time="2024-05-14T00:10:17.430542" level="INFO">{'msg': 'Cadastro realizado com sucesso.', 'newDepartment': {'departmentName': 'Swedish', 'costCenter': '66429ded32cfe27bbd2a05c5', 'status': True, 'audit': [{'registrationDate': 'segunda-feira, 13/05/2024, 20:10:38 BRT', 'registeredBy': {'userId': '65330feee76064f459d5f10d', 'userLogin': 'sysadmin@qacoders.com'}, '_id': '66429dee32cfe27bbd2a05ce'}], '_id': '66429dee32cfe27bbd2a05cd', '__v': 0}}</msg>
<arg>${CREATE_DEPARTMENT}</arg>
<doc>Logs the given message with the given level.</doc>
<status status="PASS" start="2024-05-14T00:10:17.430542" elapsed="0.000000"/>
</kw>
<kw name="Dictionary Should Contain Value" owner="Collections">
<msg time="2024-05-14T00:10:17.431537" level="INFO">False</msg>
<arg>${CREATE_DEPARTMENT}</arg>
<arg>${msgCreatDepartmentSucess}</arg>
<doc>Fails if ``value`` is not found from ``dictionary``.</doc>
<status status="PASS" start="2024-05-14T00:10:17.431537" elapsed="0.000000"/>
</kw>
<status status="PASS" start="2024-05-14T00:10:17.429537" elapsed="0.002000"/>
</kw>
<kw name="Criar um Departamento sem sucesso" owner="department_testes">
<kw name="Create Dictionary" owner="BuiltIn">
<msg time="2024-05-14T00:10:17.433816" level="INFO">${body} = {'boardName': 'Distt3d'}</msg>
<var>${body}</var>
<arg>boardName=Distt3d</arg>
<doc>Creates and returns a dictionary based on the given ``items``.</doc>
<status status="PASS" start="2024-05-14T00:10:17.433816" elapsed="0.000000"/>
</kw>
<kw name="Log" owner="BuiltIn">
<msg time="2024-05-14T00:10:17.433816" level="INFO">{'boardName': 'Distt3d'}</msg>
<arg>${body}</arg>
<doc>Logs the given message with the given level.</doc>
<status status="PASS" start="2024-05-14T00:10:17.433816" elapsed="0.001320"/>
</kw>
<kw name="Criar Sessão" owner="department_testes">
<kw name="Create Dictionary" owner="BuiltIn">
<msg time="2024-05-14T00:10:17.435640" level="INFO">${headers} = {'accept': 'application/json', 'Content-Type': 'application/json'}</msg>
<var>${headers}</var>
<arg>accept=application/json</arg>
<arg>Content-Type=application/json</arg>
<doc>Creates and returns a dictionary based on the given ``items``.</doc>
<status status="PASS" start="2024-05-14T00:10:17.435640" elapsed="0.000000"/>
</kw>
<kw name="Create Session" owner="RequestsLibrary">
<msg time="2024-05-14T00:10:17.436640" level="INFO">Creating Session using : alias=APIAcademy, url=https://chips.qacoders-academy.com.br, headers={'accept': 'application/json', 'Content-Type': 'application/json'},                     cookies={}, auth=None, timeout=None, proxies=None, verify=False,                     debug=0 </msg>
<arg>alias=APIAcademy</arg>
<arg>url=${url}</arg>
<arg>headers=${headers}</arg>
<doc>Create Session: create a HTTP session to a server</doc>
<status status="PASS" start="2024-05-14T00:10:17.435640" elapsed="0.001000"/>
</kw>
<status status="PASS" start="2024-05-14T00:10:17.435136" elapsed="0.001504"/>
</kw>
<kw name="Create Dictionary" owner="BuiltIn">
<msg time="2024-05-14T00:10:17.437838" level="INFO">${headers} = {'Authorization': ''}</msg>
<var>${headers}</var>
<arg>Authorization=</arg>
<doc>Creates and returns a dictionary based on the given ``items``.</doc>
<status status="PASS" start="2024-05-14T00:10:17.436640" elapsed="0.001198"/>
</kw>
<kw name="POST On Session" owner="RequestsLibrary">
<msg time="2024-05-14T00:10:18.026168" level="INFO">POST Request : url=https://chips.qacoders-academy.com.br/api/board/ 
 path_url=/api/board/ 
 headers={'User-Agent': 'python-requests/2.31.0', 'Accept-Encoding': 'gzip, deflate', 'accept': 'application/json', 'Connection': 'keep-alive', 'Content-Type': 'application/json', 'Authorization': '', 'Content-Length': '24'} 
 body=b'{"boardName": "Distt3d"}' 
 </msg>
<msg time="2024-05-14T00:10:18.026168" level="INFO">POST Response : url=https://chips.qacoders-academy.com.br/api/board/ 
 status=403, reason=Forbidden 
 headers={'Server': 'nginx/1.18.0 (Ubuntu)', 'Date': 'Mon, 13 May 2024 23:10:39 GMT', 'Content-Type': 'application/json; charset=utf-8', 'Transfer-Encoding': 'chunked', 'Connection': 'keep-alive', 'X-Powered-By': 'Express', 'Access-Control-Allow-Origin': '*', 'Access-Control-Allow-Methods': 'GET, POST, OPTIONS, PUT, PATCH, DELETE', 'Access-Control-Allow-Headers': 'Origin, X-Requested-With, Content-Type, Accept, Authorization', 'ETag': 'W/"21-kOzJ7XpAEH2I+7m/1Mm7EpcituE"', 'Content-Encoding': 'gzip'} 
 body={"errors":["No token provided."]} 
 </msg>
<msg time="2024-05-14T00:10:18.027226" level="INFO">C:\Users\jeh_f\AppData\Local\Programs\Python\Python312\Lib\site-packages\urllib3\connectionpool.py:1103: InsecureRequestWarning: Unverified HTTPS request is being made to host 'chips.qacoders-academy.com.br'. Adding certificate verification is strongly advised. See: https://urllib3.readthedocs.io/en/latest/advanced-usage.html#tls-warnings
  warnings.warn(</msg>
<msg time="2024-05-14T00:10:18.031538" level="INFO">${create_departmentError} = &lt;Response [403]&gt;</msg>
<var>${create_departmentError}</var>
<arg>alias=APIAcademy</arg>
<arg>url=/api/board/</arg>
<arg>json=${body}</arg>
<arg>headers=${headers}</arg>
<arg>expected_status=403</arg>
<doc>Sends a POST request on a previously created HTTP Session.</doc>
<status status="PASS" start="2024-05-14T00:10:17.437838" elapsed="0.593700"/>
</kw>
<kw name="Log" owner="BuiltIn">
<msg time="2024-05-14T00:10:18.035792" level="INFO">{'errors': ['No token provided.']}</msg>
<arg>${create_departmentError.json()}</arg>
<doc>Logs the given message with the given level.</doc>
<status status="PASS" start="2024-05-14T00:10:18.033363" elapsed="0.003453"/>
</kw>
<kw name="Set Test Variable" owner="BuiltIn">
<msg time="2024-05-14T00:10:18.040926" level="INFO">${CREATE_DEPARTMENTERROR} = {'errors': ['No token provided.']}</msg>
<arg>${CREATE_DEPARTMENTERROR}</arg>
<arg>${create_departmentError.json()}</arg>
<doc>Makes a variable available everywhere within the scope of the current test.</doc>
<status status="PASS" start="2024-05-14T00:10:18.037923" elapsed="0.003003"/>
</kw>
<status status="PASS" start="2024-05-14T00:10:17.432813" elapsed="0.608113"/>
</kw>
<kw name="Validar que o Departamento não foi cadastrado" owner="department_testes">
<kw name="Log" owner="BuiltIn">
<msg time="2024-05-14T00:10:18.044090" level="INFO">{'errors': ['No token provided.']}</msg>
<arg>${CREATE_DEPARTMENTERROR}</arg>
<doc>Logs the given message with the given level.</doc>
<status status="PASS" start="2024-05-14T00:10:18.044090" elapsed="0.000000"/>
</kw>
<kw name="Should Be Equal As Strings" owner="BuiltIn">
<msg time="2024-05-14T00:10:18.045087" level="INFO">Argument types are:
&lt;class 'dict'&gt;
&lt;class 'str'&gt;</msg>
<arg>${CREATE_DEPARTMENTERROR}</arg>
<arg>${msgCreatDepartmentError}</arg>
<doc>Fails if objects are unequal after converting them to strings.</doc>
<status status="PASS" start="2024-05-14T00:10:18.045087" elapsed="0.000997"/>
</kw>
<status status="PASS" start="2024-05-14T00:10:18.043085" elapsed="0.002999"/>
</kw>
<kw name="Editar um Departamento com sucesso" owner="department_testes">
<kw name="Language Name" owner="FakerLibrary">
<msg time="2024-05-14T00:10:18.048423" level="INFO">${randon_editDepartmentName} = Ganda</msg>
<var>${randon_editDepartmentName}</var>
<doc>Generate a random i18n language name (e.g. English).</doc>
<status status="PASS" start="2024-05-14T00:10:18.048423" elapsed="0.000000"/>
</kw>
<kw name="Create Dictionary" owner="BuiltIn">
<msg time="2024-05-14T00:10:18.050031" level="INFO">${body} = {'departmentName': 'Ganda', 'costCenterId': '66429ded32cfe27bbd2a05c5'}</msg>
<var>${body}</var>
<arg>departmentName=${randon_editDepartmentName}</arg>
<arg>costCenterId=${ID_COST_CENTER}</arg>
<doc>Creates and returns a dictionary based on the given ``items``.</doc>
<status status="PASS" start="2024-05-14T00:10:18.048423" elapsed="0.001608"/>
</kw>
<kw name="Log" owner="BuiltIn">
<msg time="2024-05-14T00:10:18.050031" level="INFO">{'departmentName': 'Ganda', 'costCenterId': '66429ded32cfe27bbd2a05c5'}</msg>
<arg>${body}</arg>
<doc>Logs the given message with the given level.</doc>
<status status="PASS" start="2024-05-14T00:10:18.050031" elapsed="0.001003"/>
</kw>
<kw name="Criar Sessão" owner="department_testes">
<kw name="Create Dictionary" owner="BuiltIn">
<msg time="2024-05-14T00:10:18.051034" level="INFO">${headers} = {'accept': 'application/json', 'Content-Type': 'application/json'}</msg>
<var>${headers}</var>
<arg>accept=application/json</arg>
<arg>Content-Type=application/json</arg>
<doc>Creates and returns a dictionary based on the given ``items``.</doc>
<status status="PASS" start="2024-05-14T00:10:18.051034" elapsed="0.000000"/>
</kw>
<kw name="Create Session" owner="RequestsLibrary">
<msg time="2024-05-14T00:10:18.052129" level="INFO">Creating Session using : alias=APIAcademy, url=https://chips.qacoders-academy.com.br, headers={'accept': 'application/json', 'Content-Type': 'application/json'},                     cookies={}, auth=None, timeout=None, proxies=None, verify=False,                     debug=0 </msg>
<arg>alias=APIAcademy</arg>
<arg>url=${url}</arg>
<arg>headers=${headers}</arg>
<doc>Create Session: create a HTTP session to a server</doc>
<status status="PASS" start="2024-05-14T00:10:18.052129" elapsed="0.000503"/>
</kw>
<status status="PASS" start="2024-05-14T00:10:18.051034" elapsed="0.001598"/>
</kw>
<kw name="Create Dictionary" owner="BuiltIn">
<msg time="2024-05-14T00:10:18.052632" level="INFO">${headers} = {'Authorization': 'eyJhbGciOiJIUzI1NiIsInR5cCI6IkpXVCJ9.eyJfaWQiOiI2NTMzMGZlZWU3NjA2NGY0NTlkNWYxMGQiLCJmdWxsTmFtZSI6IlFhLUNvZGVycy1TWVNBRE1JTiIsIm1haWwiOiJzeXNhZG1pbkBxYWNvZGVycy5jb20iLCJwYXNzd29yZCI6...</msg>
<var>${headers}</var>
<arg>Authorization=${TOKEN}</arg>
<doc>Creates and returns a dictionary based on the given ``items``.</doc>
<status status="PASS" start="2024-05-14T00:10:18.052632" elapsed="0.000000"/>
</kw>
<kw name="PUT On Session" owner="RequestsLibrary">
<msg time="2024-05-14T00:10:18.693496" level="INFO">PUT Request : url=https://chips.qacoders-academy.com.br/api/department/66429dee32cfe27bbd2a05cd 
 path_url=/api/department/66429dee32cfe27bbd2a05cd 
 headers={'User-Agent': 'python-requests/2.31.0', 'Accept-Encoding': 'gzip, deflate', 'accept': 'application/json', 'Connection': 'keep-alive', 'Content-Type': 'application/json', 'Authorization': 'eyJhbGciOiJIUzI1NiIsInR5cCI6IkpXVCJ9.eyJfaWQiOiI2NTMzMGZlZWU3NjA2NGY0NTlkNWYxMGQiLCJmdWxsTmFtZSI6IlFhLUNvZGVycy1TWVNBRE1JTiIsIm1haWwiOiJzeXNhZG1pbkBxYWNvZGVycy5jb20iLCJwYXNzd29yZCI6IiQyYiQxMCRhTXo4NTRBRmpETWtwUWZ6a040alh1Q05rQWpWSEsvRlR5Lll0WmF3M2pHcHpzL1RnbUtpSyIsImFjY2Vzc1Byb2ZpbGUiOiJTWVNBRE1JTiIsImNwZiI6IjExMTExMTExMTExIiwic3RhdHVzIjp0cnVlLCJhdWRpdCI6W3sicmVnaXN0ZXJlZEJ5Ijp7InVzZXJJZCI6IjExMTExMTExMTExMTExMTExMSIsInVzZXJMb2dpbiI6InN5c2FkbWluQHFhY29kZXJzLmNvbSJ9LCJyZWdpc3RyYXRpb25EYXRlIjoic2V4dGEtZmVpcmEsIDIwLzEwLzIwMjMsIDIwOjQwOjMwIEJSVCIsInJlZ2lzdHJhdGlvbk51bWJlciI6IjAxIiwiY29tcGFueUlkIjoiUWEuQ29kZXJzIiwiX2lkIjoiNjUzMzBmZWVlNzYwNjRmNDU5ZDVmMTBlIn1dLCJfX3YiOjAsImlhdCI6MTcxNTY0MTgzNiwiZXhwIjoxNzE1NzI4MjM2fQ.Krnx8Ps_dTxD0vKMwdq08QGL1390dLpbQqb_8NESryA', 'Content-Length': '71'} 
 body=b'{"departmentName": "Ganda", "costCenterId": "66429ded32cfe27bbd2a05c5"}' 
 </msg>
<msg time="2024-05-14T00:10:18.695507" level="INFO">PUT Response : url=https://chips.qacoders-academy.com.br/api/department/66429dee32cfe27bbd2a05cd 
 status=200, reason=OK 
 headers={'Server': 'nginx/1.18.0 (Ubuntu)', 'Date': 'Mon, 13 May 2024 23:10:39 GMT', 'Content-Type': 'application/json; charset=utf-8', 'Transfer-Encoding': 'chunked', 'Connection': 'keep-alive', 'X-Powered-By': 'Express', 'Access-Control-Allow-Origin': '*', 'Access-Control-Allow-Methods': 'GET, POST, OPTIONS, PUT, PATCH, DELETE', 'Access-Control-Allow-Headers': 'Origin, X-Requested-With, Content-Type, Accept, Authorization', 'ETag': 'W/"22b-NcbOM5BNJDbZPVuLzl/4j3qWmVE"', 'Content-Encoding': 'gzip'} 
 body={"msg":"Cadastro atualizado com sucesso.","updatedDepartment":{"_id":"66429dee32cfe27bbd2a05cd","departmentName":"Ganda","costCenter":"66429ded32cfe27bbd2a05c5","status":true,"audit":[{"registeredBy":{"userId":"65330feee76064f459d5f10d","userLogin":"sysadmin@qacoders.com"},"registrationDate":"segunda-feira, 13/05/2024, 20:10:38 BRT","_id":"66429dee32cfe27bbd2a05ce"},{"updatedBy":{"userId":"65330feee76064f459d5f10d","userLogin":"sysadmin@qacoders.com"},"updateDate":"segunda-feira, 13/05/2024, 20:10:39 BRT","_id":"66429def32cfe27bbd2a05d8"}],"__v":0}} 
 </msg>
<msg time="2024-05-14T00:10:18.696505" level="INFO">C:\Users\jeh_f\AppData\Local\Programs\Python\Python312\Lib\site-packages\urllib3\connectionpool.py:1103: InsecureRequestWarning: Unverified HTTPS request is being made to host 'chips.qacoders-academy.com.br'. Adding certificate verification is strongly advised. See: https://urllib3.readthedocs.io/en/latest/advanced-usage.html#tls-warnings
  warnings.warn(</msg>
<msg time="2024-05-14T00:10:18.698491" level="INFO">${edit_department} = &lt;Response [200]&gt;</msg>
<var>${edit_department}</var>
<arg>alias=APIAcademy</arg>
<arg>url=/api/department/${ID_DEPARTMENT}</arg>
<arg>json=${body}</arg>
<arg>headers=${headers}</arg>
<arg>expected_status=200</arg>
<doc>Sends a PUT request on a previously created HTTP Session.</doc>
<status status="PASS" start="2024-05-14T00:10:18.052632" elapsed="0.646857"/>
</kw>
<kw name="Log" owner="BuiltIn">
<msg time="2024-05-14T00:10:18.704651" level="INFO">{'msg': 'Cadastro atualizado com sucesso.', 'updatedDepartment': {'_id': '66429dee32cfe27bbd2a05cd', 'departmentName': 'Ganda', 'costCenter': '66429ded32cfe27bbd2a05c5', 'status': True, 'audit': [{'registeredBy': {'userId': '65330feee76064f459d5f10d', 'userLogin': 'sysadmin@qacoders.com'}, 'registrationDate': 'segunda-feira, 13/05/2024, 20:10:38 BRT', '_id': '66429dee32cfe27bbd2a05ce'}, {'updatedBy': {'userId': '65330feee76064f459d5f10d', 'userLogin': 'sysadmin@qacoders.com'}, 'updateDate': 'segunda-feira, 13/05/2024, 20:10:39 BRT', '_id': '66429def32cfe27bbd2a05d8'}], '__v': 0}}</msg>
<arg>${edit_department.json()}</arg>
<doc>Logs the given message with the given level.</doc>
<status status="PASS" start="2024-05-14T00:10:18.700486" elapsed="0.004165"/>
</kw>
<kw name="Set Test Variable" owner="BuiltIn">
<msg time="2024-05-14T00:10:18.707654" level="INFO">${EDIT_DEPARTMENT} = {'msg': 'Cadastro atualizado com sucesso.', 'updatedDepartment': {'_id': '66429dee32cfe27bbd2a05cd', 'departmentName': 'Ganda', 'costCenter': '66429ded32cfe27bbd2a05c5', 'status': True, 'audit': [{'re...</msg>
<arg>${EDIT_DEPARTMENT}</arg>
<arg>${edit_department.json()}</arg>
<doc>Makes a variable available everywhere within the scope of the current test.</doc>
<status status="PASS" start="2024-05-14T00:10:18.705655" elapsed="0.001999"/>
</kw>
<status status="PASS" start="2024-05-14T00:10:18.047404" elapsed="0.660250"/>
</kw>
<kw name="Validar que o Departamento foi alterado com sucesso" owner="department_testes">
<kw name="Log" owner="BuiltIn">
<msg time="2024-05-14T00:10:18.710288" level="INFO">{'msg': 'Cadastro atualizado com sucesso.', 'updatedDepartment': {'_id': '66429dee32cfe27bbd2a05cd', 'departmentName': 'Ganda', 'costCenter': '66429ded32cfe27bbd2a05c5', 'status': True, 'audit': [{'registeredBy': {'userId': '65330feee76064f459d5f10d', 'userLogin': 'sysadmin@qacoders.com'}, 'registrationDate': 'segunda-feira, 13/05/2024, 20:10:38 BRT', '_id': '66429dee32cfe27bbd2a05ce'}, {'updatedBy': {'userId': '65330feee76064f459d5f10d', 'userLogin': 'sysadmin@qacoders.com'}, 'updateDate': 'segunda-feira, 13/05/2024, 20:10:39 BRT', '_id': '66429def32cfe27bbd2a05d8'}], '__v': 0}}</msg>
<arg>${EDIT_DEPARTMENT}</arg>
<doc>Logs the given message with the given level.</doc>
<status status="PASS" start="2024-05-14T00:10:18.709225" elapsed="0.001063"/>
</kw>
<kw name="Dictionary Should Contain Value" owner="Collections">
<msg time="2024-05-14T00:10:18.711293" level="INFO">False</msg>
<arg>${EDIT_DEPARTMENT}</arg>
<arg>${msgEditDepartmentSucess}</arg>
<doc>Fails if ``value`` is not found from ``dictionary``.</doc>
<status status="PASS" start="2024-05-14T00:10:18.710288" elapsed="0.001005"/>
</kw>
<status status="PASS" start="2024-05-14T00:10:18.709225" elapsed="0.002068"/>
</kw>
<kw name="Editar um Departamento sem sucesso" owner="department_testes">
<kw name="Email" owner="FakerLibrary">
<msg time="2024-05-14T00:10:18.713456" level="INFO">${randon_editNameBoardError} = mendesjoao-pedro@example.org</msg>
<var>${randon_editNameBoardError}</var>
<status status="PASS" start="2024-05-14T00:10:18.713456" elapsed="0.000000"/>
</kw>
<kw name="Create Dictionary" owner="BuiltIn">
<msg time="2024-05-14T00:10:18.714458" level="INFO">${body} = {'boardName': 'mendesjoao-pedro@example.org'}</msg>
<var>${body}</var>
<arg>boardName=${randon_editNameBoardError}</arg>
<doc>Creates and returns a dictionary based on the given ``items``.</doc>
<status status="PASS" start="2024-05-14T00:10:18.714458" elapsed="0.000000"/>
</kw>
<kw name="Log" owner="BuiltIn">
<msg time="2024-05-14T00:10:18.715455" level="INFO">{'boardName': 'mendesjoao-pedro@example.org'}</msg>
<arg>${body}</arg>
<doc>Logs the given message with the given level.</doc>
<status status="PASS" start="2024-05-14T00:10:18.715455" elapsed="0.000000"/>
</kw>
<kw name="Criar Sessão" owner="department_testes">
<kw name="Create Dictionary" owner="BuiltIn">
<msg time="2024-05-14T00:10:18.717450" level="INFO">${headers} = {'accept': 'application/json', 'Content-Type': 'application/json'}</msg>
<var>${headers}</var>
<arg>accept=application/json</arg>
<arg>Content-Type=application/json</arg>
<doc>Creates and returns a dictionary based on the given ``items``.</doc>
<status status="PASS" start="2024-05-14T00:10:18.716453" elapsed="0.000997"/>
</kw>
<kw name="Create Session" owner="RequestsLibrary">
<msg time="2024-05-14T00:10:18.717450" level="INFO">Creating Session using : alias=APIAcademy, url=https://chips.qacoders-academy.com.br, headers={'accept': 'application/json', 'Content-Type': 'application/json'},                     cookies={}, auth=None, timeout=None, proxies=None, verify=False,                     debug=0 </msg>
<arg>alias=APIAcademy</arg>
<arg>url=${url}</arg>
<arg>headers=${headers}</arg>
<doc>Create Session: create a HTTP session to a server</doc>
<status status="PASS" start="2024-05-14T00:10:18.717450" elapsed="0.000997"/>
</kw>
<status status="PASS" start="2024-05-14T00:10:18.716453" elapsed="0.001994"/>
</kw>
<kw name="Create Dictionary" owner="BuiltIn">
<msg time="2024-05-14T00:10:18.719955" level="INFO">${headers} = {'Authorization': 'eyJhbGciOiJIUzI1NiIsInR5cCI6IkpXVCJ9.eyJfaWQiOiI2NTMzMGZlZWU3NjA2NGY0NTlkNWYxMGQiLCJmdWxsTmFtZSI6IlFhLUNvZGVycy1TWVNBRE1JTiIsIm1haWwiOiJzeXNhZG1pbkBxYWNvZGVycy5jb20iLCJwYXNzd29yZCI6...</msg>
<var>${headers}</var>
<arg>Authorization=${TOKEN}</arg>
<doc>Creates and returns a dictionary based on the given ``items``.</doc>
<status status="PASS" start="2024-05-14T00:10:18.718447" elapsed="0.001508"/>
</kw>
<kw name="PUT On Session" owner="RequestsLibrary">
<msg time="2024-05-14T00:10:19.325841" level="INFO">PUT Request : url=https://chips.qacoders-academy.com.br/api/board/6617b9c7b190a884d43dc0dd 
 path_url=/api/board/6617b9c7b190a884d43dc0dd 
 headers={'User-Agent': 'python-requests/2.31.0', 'Accept-Encoding': 'gzip, deflate', 'accept': 'application/json', 'Connection': 'keep-alive', 'Content-Type': 'application/json', 'Authorization': 'eyJhbGciOiJIUzI1NiIsInR5cCI6IkpXVCJ9.eyJfaWQiOiI2NTMzMGZlZWU3NjA2NGY0NTlkNWYxMGQiLCJmdWxsTmFtZSI6IlFhLUNvZGVycy1TWVNBRE1JTiIsIm1haWwiOiJzeXNhZG1pbkBxYWNvZGVycy5jb20iLCJwYXNzd29yZCI6IiQyYiQxMCRhTXo4NTRBRmpETWtwUWZ6a040alh1Q05rQWpWSEsvRlR5Lll0WmF3M2pHcHpzL1RnbUtpSyIsImFjY2Vzc1Byb2ZpbGUiOiJTWVNBRE1JTiIsImNwZiI6IjExMTExMTExMTExIiwic3RhdHVzIjp0cnVlLCJhdWRpdCI6W3sicmVnaXN0ZXJlZEJ5Ijp7InVzZXJJZCI6IjExMTExMTExMTExMTExMTExMSIsInVzZXJMb2dpbiI6InN5c2FkbWluQHFhY29kZXJzLmNvbSJ9LCJyZWdpc3RyYXRpb25EYXRlIjoic2V4dGEtZmVpcmEsIDIwLzEwLzIwMjMsIDIwOjQwOjMwIEJSVCIsInJlZ2lzdHJhdGlvbk51bWJlciI6IjAxIiwiY29tcGFueUlkIjoiUWEuQ29kZXJzIiwiX2lkIjoiNjUzMzBmZWVlNzYwNjRmNDU5ZDVmMTBlIn1dLCJfX3YiOjAsImlhdCI6MTcxNTY0MTgzNiwiZXhwIjoxNzE1NzI4MjM2fQ.Krnx8Ps_dTxD0vKMwdq08QGL1390dLpbQqb_8NESryA', 'Content-Length': '45'} 
 body=b'{"boardName": "mendesjoao-pedro@example.org"}' 
 </msg>
<msg time="2024-05-14T00:10:19.326839" level="INFO">PUT Response : url=https://chips.qacoders-academy.com.br/api/board/6617b9c7b190a884d43dc0dd 
 status=400, reason=Bad Request 
 headers={'Server': 'nginx/1.18.0 (Ubuntu)', 'Date': 'Mon, 13 May 2024 23:10:40 GMT', 'Content-Type': 'application/json; charset=utf-8', 'Content-Length': '84', 'Connection': 'keep-alive', 'X-Powered-By': 'Express', 'Access-Control-Allow-Origin': '*', 'Access-Control-Allow-Methods': 'GET, POST, OPTIONS, PUT, PATCH, DELETE', 'Access-Control-Allow-Headers': 'Origin, X-Requested-With, Content-Type, Accept, Authorization', 'ETag': 'W/"54-kPAkPq3704yBNDfw0n6YFGiWzyM"'} 
 body={"error":["O campo 'diretoria' só pode conter letras e o caractere especial '&amp;'."]} 
 </msg>
<msg time="2024-05-14T00:10:19.327835" level="INFO">C:\Users\jeh_f\AppData\Local\Programs\Python\Python312\Lib\site-packages\urllib3\connectionpool.py:1103: InsecureRequestWarning: Unverified HTTPS request is being made to host 'chips.qacoders-academy.com.br'. Adding certificate verification is strongly advised. See: https://urllib3.readthedocs.io/en/latest/advanced-usage.html#tls-warnings
  warnings.warn(</msg>
<msg time="2024-05-14T00:10:19.330257" level="INFO">${edit_departmentError} = &lt;Response [400]&gt;</msg>
<var>${edit_departmentError}</var>
<arg>alias=APIAcademy</arg>
<arg>url=/api/board/6617b9c7b190a884d43dc0dd</arg>
<arg>json=${body}</arg>
<arg>headers=${headers}</arg>
<arg>expected_status=400</arg>
<doc>Sends a PUT request on a previously created HTTP Session.</doc>
<status status="PASS" start="2024-05-14T00:10:18.719955" elapsed="0.610844"/>
</kw>
<kw name="Log" owner="BuiltIn">
<msg time="2024-05-14T00:10:19.334519" level="INFO">{'error': ["O campo 'diretoria' só pode conter letras e o caractere especial '&amp;'."]}</msg>
<arg>${edit_departmentError.json()}</arg>
<doc>Logs the given message with the given level.</doc>
<status status="PASS" start="2024-05-14T00:10:19.331869" elapsed="0.003719"/>
</kw>
<kw name="Set Test Variable" owner="BuiltIn">
<msg time="2024-05-14T00:10:19.340232" level="INFO">${EDIT_DEPARTMENTERROR} = {'error': ["O campo 'diretoria' só pode conter letras e o caractere especial '&amp;'."]}</msg>
<arg>${EDIT_DEPARTMENTERROR}</arg>
<arg>${edit_departmentError.json()}</arg>
<doc>Makes a variable available everywhere within the scope of the current test.</doc>
<status status="PASS" start="2024-05-14T00:10:19.335588" elapsed="0.004644"/>
</kw>
<status status="PASS" start="2024-05-14T00:10:18.712293" elapsed="0.629067"/>
</kw>
<kw name="Validar que o Departamento não foi atualizado" owner="department_testes">
<kw name="Log" owner="BuiltIn">
<msg time="2024-05-14T00:10:19.343688" level="INFO">{'error': ["O campo 'diretoria' só pode conter letras e o caractere especial '&amp;'."]}</msg>
<arg>${EDIT_DEPARTMENTERROR}</arg>
<doc>Logs the given message with the given level.</doc>
<status status="PASS" start="2024-05-14T00:10:19.343688" elapsed="0.001011"/>
</kw>
<kw name="Should Be Equal As Strings" owner="BuiltIn">
<msg time="2024-05-14T00:10:19.344699" level="INFO">Argument types are:
&lt;class 'dict'&gt;
&lt;class 'str'&gt;</msg>
<arg>${EDIT_DEPARTMENTERROR}</arg>
<arg>${msgEditDepartmentError}</arg>
<doc>Fails if objects are unequal after converting them to strings.</doc>
<status status="PASS" start="2024-05-14T00:10:19.344699" elapsed="0.000000"/>
</kw>
<status status="PASS" start="2024-05-14T00:10:19.342498" elapsed="0.003569"/>
</kw>
<kw name="Listar Departamentos" owner="department_testes">
<kw name="Criar Sessão" owner="department_testes">
<kw name="Create Dictionary" owner="BuiltIn">
<msg time="2024-05-14T00:10:19.349035" level="INFO">${headers} = {'accept': 'application/json', 'Content-Type': 'application/json'}</msg>
<var>${headers}</var>
<arg>accept=application/json</arg>
<arg>Content-Type=application/json</arg>
<doc>Creates and returns a dictionary based on the given ``items``.</doc>
<status status="PASS" start="2024-05-14T00:10:19.348528" elapsed="0.000507"/>
</kw>
<kw name="Create Session" owner="RequestsLibrary">
<msg time="2024-05-14T00:10:19.349564" level="INFO">Creating Session using : alias=APIAcademy, url=https://chips.qacoders-academy.com.br, headers={'accept': 'application/json', 'Content-Type': 'application/json'},                     cookies={}, auth=None, timeout=None, proxies=None, verify=False,                     debug=0 </msg>
<arg>alias=APIAcademy</arg>
<arg>url=${url}</arg>
<arg>headers=${headers}</arg>
<doc>Create Session: create a HTTP session to a server</doc>
<status status="PASS" start="2024-05-14T00:10:19.349564" elapsed="0.001025"/>
</kw>
<status status="PASS" start="2024-05-14T00:10:19.347071" elapsed="0.003518"/>
</kw>
<kw name="Create Dictionary" owner="BuiltIn">
<msg time="2024-05-14T00:10:19.351584" level="INFO">${headers} = {'Authorization': 'eyJhbGciOiJIUzI1NiIsInR5cCI6IkpXVCJ9.eyJfaWQiOiI2NTMzMGZlZWU3NjA2NGY0NTlkNWYxMGQiLCJmdWxsTmFtZSI6IlFhLUNvZGVycy1TWVNBRE1JTiIsIm1haWwiOiJzeXNhZG1pbkBxYWNvZGVycy5jb20iLCJwYXNzd29yZCI6...</msg>
<var>${headers}</var>
<arg>Authorization=${TOKEN}</arg>
<doc>Creates and returns a dictionary based on the given ``items``.</doc>
<status status="PASS" start="2024-05-14T00:10:19.350589" elapsed="0.000995"/>
</kw>
<kw name="GET On Session" owner="RequestsLibrary">
<msg time="2024-05-14T00:10:20.297518" level="INFO">GET Request : url=https://chips.qacoders-academy.com.br/api/department/ 
 path_url=/api/department/ 
 headers={'User-Agent': 'python-requests/2.31.0', 'Accept-Encoding': 'gzip, deflate', 'accept': 'application/json', 'Connection': 'keep-alive', 'Content-Type': 'application/json', 'Authorization': 'eyJhbGciOiJIUzI1NiIsInR5cCI6IkpXVCJ9.eyJfaWQiOiI2NTMzMGZlZWU3NjA2NGY0NTlkNWYxMGQiLCJmdWxsTmFtZSI6IlFhLUNvZGVycy1TWVNBRE1JTiIsIm1haWwiOiJzeXNhZG1pbkBxYWNvZGVycy5jb20iLCJwYXNzd29yZCI6IiQyYiQxMCRhTXo4NTRBRmpETWtwUWZ6a040alh1Q05rQWpWSEsvRlR5Lll0WmF3M2pHcHpzL1RnbUtpSyIsImFjY2Vzc1Byb2ZpbGUiOiJTWVNBRE1JTiIsImNwZiI6IjExMTExMTExMTExIiwic3RhdHVzIjp0cnVlLCJhdWRpdCI6W3sicmVnaXN0ZXJlZEJ5Ijp7InVzZXJJZCI6IjExMTExMTExMTExMTExMTExMSIsInVzZXJMb2dpbiI6InN5c2FkbWluQHFhY29kZXJzLmNvbSJ9LCJyZWdpc3RyYXRpb25EYXRlIjoic2V4dGEtZmVpcmEsIDIwLzEwLzIwMjMsIDIwOjQwOjMwIEJSVCIsInJlZ2lzdHJhdGlvbk51bWJlciI6IjAxIiwiY29tcGFueUlkIjoiUWEuQ29kZXJzIiwiX2lkIjoiNjUzMzBmZWVlNzYwNjRmNDU5ZDVmMTBlIn1dLCJfX3YiOjAsImlhdCI6MTcxNTY0MTgzNiwiZXhwIjoxNzE1NzI4MjM2fQ.Krnx8Ps_dTxD0vKMwdq08QGL1390dLpbQqb_8NESryA'} 
 body=None 
 </msg>
<msg time="2024-05-14T00:10:20.299366" level="INFO">GET Response : url=https://chips.qacoders-academy.com.br/api/department/ 
 status=200, reason=OK 
 headers={'Server': 'nginx/1.18.0 (Ubuntu)', 'Date': 'Mon, 13 May 2024 23:10:41 GMT', 'Content-Type': 'application/json; charset=utf-8', 'Transfer-Encoding': 'chunked', 'Connection': 'keep-alive', 'X-Powered-By': 'Express', 'Access-Control-Allow-Origin': '*', 'Access-Control-Allow-Methods': 'GET, POST, OPTIONS, PUT, PATCH, DELETE', 'Access-Control-Allow-Headers': 'Origin, X-Requested-With, Content-Type, Accept, Authorization', 'ETag': 'W/"27173-KfERQB3q1JD2k1bAmXCztk+5EcE"', 'Content-Encoding': 'gzip'} 
 body=[{"_id":"6582085d31248304b069dfef","departmentName":"Novo Departamento","costCenter":{"_id":"6582072531248304b069dfe5","costCenterName":"Financeiro","costCenterCode":"16.01","board":"6581f80a31248304b069dfd6","status":true,"audit":[{"registeredBy":{"userId":"65693e7c3c1c97ec10852c13","userLogin":"schmidt_qa@chips.com.br"},"registrationDate":"terça-feira, 19/12/2023, 18:12:05 BRT","_id":"6582072531248304b069dfe6"}],"__v":0},"status":false,"audit":[{"registeredBy":{"userId":"65693e7c3c1c97ec10852c13","userLogin":"schmidt_qa@chips.com.br"},"registrationDate":"terça-feira, 19/12/2023, 18:17:17 BRT","_id":"6582085d31248304b069dff0"},{"inactivationDate":"quinta-feira, 04/04/2024, 20:53:31 BRT","_id":"660f3d7bb190a884d43d4d08"},{"inactivationDate":"quinta-feira, 04/04/2024, 20:53:55 BRT","_id":"660f3d93b190a884d43d4d13"},{"inactivationDate":"quinta-feira, 04/04/2024, 20:55:00 BRT","_id":"660f3dd4b190a884d43d4d29"},{"inactivationDate":"quinta-feira, 04/04/2024, 20:55:23 BRT","_id":"660f3debb190a884d43d4d3a"},{"inactivationDate":"quinta-feira, 04/04/2024, 21:01:30 BRT","_id":"660f3f5ab190a884d43d4d58"},{"inactivationDate":"quinta-feira, 04/04/2024, 21:01:38 BRT","_id":"660f3f62b190a884d43d4d6f"},{"inactivationDate":"quinta-feira, 04/04/2024, 21:16:01 BRT","_id":"660f42c1b190a884d43d4f2f"},{"inactivationDate":"quinta-feira, 04/04/2024, 21:17:00 BRT","_id":"660f42fcb190a884d43d4f60"},{"inactivationDate":"quinta-feira, 04/04/2024, 21:18:26 BRT","_id":"660f4352b190a884d43d4f82"},{"inactivationDate":"domingo, 07/04/2024, 14:13:56 BRT","_id":"6612d454b190a884d43d6f99"},{"inactivationDate":"domingo, 07/04/2024, 14:15:24 BRT","_id":"6612d4acb190a884d43d6fcb"},{"inactivationDate":"domingo, 07/04/2024, 14:15:48 BRT","_id":"6612d4c4b190a884d43d7001"},{"inactivationDate":"domingo, 07/04/2024, 14:16:03 BRT","_id":"6612d4d3b190a884d43d703b"},{"inactivationDate":"domingo, 07/04/2024, 14:16:29 BRT","_id":"6612d4eeb190a884d43d7079"},{"inactivationDate":"domingo, 07/04/2024, 14:16:59 BRT","_id":"6612d50bb190a884d43d70bb"},{"inactivationDate":"domingo, 07/04/2024, 14:17:24 BRT","_id":"6612d524b190a884d43d7101"},{"inactivationDate":"domingo, 07/04/2024, 14:17:43 BRT","_id":"6612d537b190a884d43d714b"},{"inactivationDate":"domingo, 07/04/2024, 14:18:16 BRT","_id":"6612d558b190a884d43d7199"},{"inactivationDate":"domingo, 07/04/2024, 14:23:12 BRT","_id":"6612d680b190a884d43d71ed"},{"inactivationDate":"domingo, 07/04/2024, 14:29:50 BRT","_id":"6612d80eb190a884d43d72e8"},{"inactivationDate":"domingo, 07/04/2024, 14:30:59 BRT","_id":"6612d853b190a884d43d732e"},{"inactivationDate":"domingo, 07/04/2024, 14:31:47 BRT","_id":"6612d883b190a884d43d7390"},{"inactivationDate":"domingo, 07/04/2024, 14:31:58 BRT","_id":"6612d88eb190a884d43d73dc"},{"inactivationDate":"domingo, 07/04/2024, 14:32:17 BRT","_id":"6612d8a1b190a884d43d7446"},{"inactivationDate":"domingo, 07/04/2024, 14:36:12 BRT","_id":"6612d98cb190a884d43d7496"},{"inactivationDate":"domingo, 07/04/2024, 14:38:58 BRT","_id":"6612da32b190a884d43d74e9"},{"inactivationDate":"domingo, 07/04/2024, 14:40:19 BRT","_id":"6612da83b190a884d43d755b"},{"inactivationDate":"domingo, 07/04/2024, 14:40:42 BRT","_id":"6612da9ab190a884d43d75d1"},{"inactivationDate":"domingo, 07/04/2024, 14:42:09 BRT","_id":"6612daf1b190a884d43d764d"},{"inactivationDate":"domingo, 07/04/2024, 14:49:24 BRT","_id":"6612dca4b190a884d43d7711"},{"inactivationDate":"domingo, 07/04/2024, 14:49:46 BRT","_id":"6612dcbab190a884d43d7775"},{"inactivationDate":"domingo, 07/04/2024, 14:51:25 BRT","_id":"6612dd1db190a884d43d7845"},{"inactivationDate":"domingo, 07/04/2024, 14:55:38 BRT","_id":"6612de1ab190a884d43d791b"},{"inactivationDate":"domingo, 07/04/2024, 14:55:41 BRT","_id":"6612de1db190a884d43d79ad"},{"inactivationDate":"domingo, 07/04/2024, 14:55:51 BRT","_id":"6612de27b190a884d43d7a43"},{"inactivationDate":"domingo, 07/04/2024, 14:55:53 BRT","_id":"6612de29b190a884d43d7add"},{"inactivationDate":"domingo, 07/04/2024, 17:30:58 BRT","_id":"66130282b190a884d43d89c8"},{"inactivationDate":"domingo, 07/04/2024, 17:45:38 BRT","_id":"661305f2b190a884d43d8af4"},{"updatedBy":{"userId":"65330feee76064f459d5f10d","userLogin":"sysadmin@qacoders.com"},"updateDate":"segunda-feira, 08/04/2024, 13:10:31 BRT","_id":"661416f7b190a884d43d93a7"},{"updatedBy":{"userId":"65330feee76064f459d5f10d","userLogin":"sysadmin@qacoders.com"},"updateDate":"segunda-feira, 08/04/2024, 13:10:36 BRT","_id":"661416fcb190a884d43d944f"},{"inactivationDate":"segunda-feira, 08/04/2024, 13:56:02 BRT","_id":"661421a2b190a884d43d986b"},{"inactivationDate":"segunda-feira, 08/04/2024, 13:56:05 BRT","_id":"661421a5b190a884d43d991d"},{"inactivationDate":"segunda-feira, 08/04/2024, 14:59:58 BRT","_id":"6614309eb190a884d43d9c19"},{"inactivationDate":"segunda-feira, 08/04/2024, 15:00:01 BRT","_id":"661430a1b190a884d43d9cd3"},{"inactivationDate":"segunda-feira, 08/04/2024, 15:01:12 BRT","_id":"661430e8b190a884d43d9d9a"},{"inactivationDate":"segunda-feira, 08/04/2024, 15:01:15 BRT","_id":"661430ebb190a884d43d9e5c"},{"inactivationDate":"segunda-feira, 08/04/2024, 15:01:52 BRT","_id":"66143110b190a884d43d9f24"},{"inactivationDate":"segunda-feira, 08/04/2024, 15:01:55 BRT","_id":"66143113b190a884d43d9fee"},{"inactivationDate":"terça-feira, 09/04/2024, 06:58:03 BRT","_id":"6615112bb190a884d43da226"},{"inactivationDate":"terça-feira, 09/04/2024, 06:58:06 BRT","_id":"6615112eb190a884d43da2f8"},{"inactivationDate":"terça-feira, 09/04/2024, 07:03:00 BRT","_id":"66151254b190a884d43da3d2"},{"inactivationDate":"terça-feira, 09/04/2024, 07:03:03 BRT","_id":"66151257b190a884d43da4ac"},{"inactivationDate":"terça-feira, 09/04/2024, 07:03:41 BRT","_id":"6615127db190a884d43da590"},{"inactivationDate":"terça-feira, 09/04/2024, 07:03:44 BRT","_id":"66151280b190a884d43da672"},{"inactivationDate":"terça-feira, 09/04/2024, 07:03:47 BRT","_id":"66151283b190a884d43da75a"},{"inactivationDate":"terça-feira, 09/04/2024, 07:06:24 BRT","_id":"66151320b190a884d43da844"},{"inactivationDate":"terça-feira, 09/04/2024, 07:08:15 BRT","_id":"6615138fb190a884d43da938"},{"inactivationDate":"terça-feira, 09/04/2024, 07:08:18 BRT","_id":"66151392b190a884d43daa2a"},{"inactivationDate":"terça-feira, 09/04/2024, 07:11:49 BRT","_id":"66151465b190a884d43dab26"},{"inactivationDate":"terça-feira, 09/04/2024, 07:11:52 BRT","_id":"66151468b190a884d43dac20"},{"inactivationDate":"terça-feira, 09/04/2024, 07:15:07 BRT","_id":"6615152cb190a884d43dad26"},{"inactivationDate":"terça-feira, 09/04/2024, 07:15:11 BRT","_id":"6615152fb190a884d43dae28"},{"inactivationDate":"terça-feira, 09/04/2024, 07:16:44 BRT","_id":"6615158cb190a884d43daf36"},{"inactivationDate":"terça-feira, 09/04/2024, 07:16:47 BRT","_id":"6615158fb190a884d43db040"},{"inactivationDate":"terça-feira, 09/04/2024, 07:26:53 BRT","_id":"661517edb190a884d43db264"},{"inactivationDate":"terça-feira, 09/04/2024, 07:26:56 BRT","_id":"661517f0b190a884d43db376"},{"inactivationDate":"terça-feira, 09/04/2024, 07:29:25 BRT","_id":"66151885b190a884d43db494"},{"inactivationDate":"terça-feira, 09/04/2024, 07:29:28 BRT","_id":"66151888b190a884d43db5ae"},{"inactivationDate":"terça-feira, 09/04/2024, 07:31:41 BRT","_id":"6615190db190a884d43db6d7"},{"inactivationDate":"terça-feira, 09/04/2024, 07:31:44 BRT","_id":"66151910b190a884d43db7f9"},{"inactivationDate":"terça-feira, 09/04/2024, 07:32:18 BRT","_id":"66151932b190a884d43db927"},{"inactivationDate":"terça-feira, 09/04/2024, 07:32:20 BRT","_id":"66151934b190a884d43dba51"},{"inactivationDate":"terça-feira, 09/04/2024, 07:36:35 BRT","_id":"66151a33b190a884d43dbb8a"},{"inactivationDate":"terça-feira, 09/04/2024, 07:36:38 BRT","_id":"66151a36b190a884d43dbcbc"},{"inactivationDate":"sábado, 04/05/2024, 16:32:50 BRT","_id":"66368d6232cfe27bbd214d79"},{"inactivationDate":"sábado, 04/05/2024, 16:32:53 BRT","_id":"66368d6532cfe27bbd214eb3"},{"inactivationDate":"sábado, 11/05/2024, 08:29:30 BRT","_id":"663f569a32cfe27bbd23ab0e"},{"inactivationDate":"sábado, 11/05/2024, 08:29:32 BRT","_id":"663f569c32cfe27bbd23ac50"},{"inactivationDate":"sábado, 11/05/2024, 08:40:13 BRT","_id":"663f591d32cfe27bbd23ccb9"},{"inactivationDate":"sábado, 11/05/2024, 08:40:15 BRT","_id":"663f591f32cfe27bbd23ce03"}],"__v":0},{"_id":"6582390631248304b069e053","departmentName":"Francelino&amp;Anderson","costCenter":{"_id":"658238ef31248304b069e04b","costCenterName":"asdasdasd","costCenterCode":"17.01","board":"658238ba31248304b069e042","status":true,"audit":[{"registeredBy":{"userId":"654e661aa6def5ec553f547c","userLogin":"fabrizzio4114@uorak.com"},"registrationDate":"terça-feira, 19/12/2023, 21:44:31 BRT","_id":"658238ef31248304b069e04c"}],"__v":0},"status":true,"audit":[{"registeredBy":{"userId":"654e661aa6def5ec553f547c","userLogin":"fabrizzio4114@uorak.com"},"registrationDate":"terça-feira, 19/12/2023, 21:44:54 BRT","_id":"6582390631248304b069e054"},{"updatedBy":{"userId":"65330feee76064f459d5f10d","userLogin":"sysadmin@qacoders.com"},"updateDate":"quinta-feira, 04/04/2024, 20:30:20 BRT","_id":"660f380cb190a884d43d4c39"},{"updatedBy":{"userId":"65330feee76064f459d5f10d","userLogin":"sysadmin@qacoders.com"},"updateDate":"quinta-feira, 04/04/2024, 20:40:26 BRT","_id":"660f3a6ab190a884d43d4c71"},{"updatedBy":{"userId":"65330feee76064f459d5f10d","userLogin":"sysadmin@qacoders.com"},"updateDate":"quinta-feira, 04/04/2024, 20:45:54 BRT","_id":"660f3bb2b190a884d43d4c86"},{"updatedBy":{"userId":"65330feee76064f459d5f10d","userLogin":"sysadmin@qacoders.com"},"updateDate":"quinta-feira, 04/04/2024, 20:47:36 BRT","_id":"660f3c18b190a884d43d4c9e"},{"updatedBy":{"userId":"65330feee76064f459d5f10d","userLogin":"sysadmin@qacoders.com"},"updateDate":"quinta-feira, 04/04/2024, 20:48:13 BRT","_id":"660f3c3db190a884d43d4cb9"},{"updatedBy":{"userId":"65330feee76064f459d5f10d","userLogin":"sysadmin@qacoders.com"},"updateDate":"quinta-feira, 04/04/2024, 20:49:35 BRT","_id":"660f3c8fb190a884d43d4cd7"},{"updatedBy":{"userId":"65330feee76064f459d5f10d","userLogin":"sysadmin@qacoders.com"},"updateDate":"quint... (set the log level to DEBUG or TRACE to see the full content) 
 </msg>
<msg time="2024-05-14T00:10:20.303607" level="INFO">C:\Users\jeh_f\AppData\Local\Programs\Python\Python312\Lib\site-packages\urllib3\connectionpool.py:1103: InsecureRequestWarning: Unverified HTTPS request is being made to host 'chips.qacoders-academy.com.br'. Adding certificate verification is strongly advised. See: https://urllib3.readthedocs.io/en/latest/advanced-usage.html#tls-warnings
  warnings.warn(</msg>
<msg time="2024-05-14T00:10:20.306212" level="INFO">${list_department} = &lt;Response [200]&gt;</msg>
<var>${list_department}</var>
<arg>alias=APIAcademy</arg>
<arg>url=/api/department/</arg>
<arg>headers=${headers}</arg>
<arg>expected_status=200</arg>
<doc>Sends a GET request on a previously created HTTP Session.</doc>
<status status="PASS" start="2024-05-14T00:10:19.351584" elapsed="0.954628"/>
</kw>
<kw name="Log" owner="BuiltIn">
<msg time="2024-05-14T00:10:20.324526" level="INFO">[{'_id': '6582085d31248304b069dfef', 'departmentName': 'Novo Departamento', 'costCenter': {'_id': '6582072531248304b069dfe5', 'costCenterName': 'Financeiro', 'costCenterCode': '16.01', 'board': '6581f80a31248304b069dfd6', 'status': True, 'audit': [{'registeredBy': {'userId': '65693e7c3c1c97ec10852c13', 'userLogin': 'schmidt_qa@chips.com.br'}, 'registrationDate': 'terça-feira, 19/12/2023, 18:12:05 BRT', '_id': '6582072531248304b069dfe6'}], '__v': 0}, 'status': False, 'audit': [{'registeredBy': {'userId': '65693e7c3c1c97ec10852c13', 'userLogin': 'schmidt_qa@chips.com.br'}, 'registrationDate': 'terça-feira, 19/12/2023, 18:17:17 BRT', '_id': '6582085d31248304b069dff0'}, {'inactivationDate': 'quinta-feira, 04/04/2024, 20:53:31 BRT', '_id': '660f3d7bb190a884d43d4d08'}, {'inactivationDate': 'quinta-feira, 04/04/2024, 20:53:55 BRT', '_id': '660f3d93b190a884d43d4d13'}, {'inactivationDate': 'quinta-feira, 04/04/2024, 20:55:00 BRT', '_id': '660f3dd4b190a884d43d4d29'}, {'inactivationDate': 'quinta-feira, 04/04/2024, 20:55:23 BRT', '_id': '660f3debb190a884d43d4d3a'}, {'inactivationDate': 'quinta-feira, 04/04/2024, 21:01:30 BRT', '_id': '660f3f5ab190a884d43d4d58'}, {'inactivationDate': 'quinta-feira, 04/04/2024, 21:01:38 BRT', '_id': '660f3f62b190a884d43d4d6f'}, {'inactivationDate': 'quinta-feira, 04/04/2024, 21:16:01 BRT', '_id': '660f42c1b190a884d43d4f2f'}, {'inactivationDate': 'quinta-feira, 04/04/2024, 21:17:00 BRT', '_id': '660f42fcb190a884d43d4f60'}, {'inactivationDate': 'quinta-feira, 04/04/2024, 21:18:26 BRT', '_id': '660f4352b190a884d43d4f82'}, {'inactivationDate': 'domingo, 07/04/2024, 14:13:56 BRT', '_id': '6612d454b190a884d43d6f99'}, {'inactivationDate': 'domingo, 07/04/2024, 14:15:24 BRT', '_id': '6612d4acb190a884d43d6fcb'}, {'inactivationDate': 'domingo, 07/04/2024, 14:15:48 BRT', '_id': '6612d4c4b190a884d43d7001'}, {'inactivationDate': 'domingo, 07/04/2024, 14:16:03 BRT', '_id': '6612d4d3b190a884d43d703b'}, {'inactivationDate': 'domingo, 07/04/2024, 14:16:29 BRT', '_id': '6612d4eeb190a884d43d7079'}, {'inactivationDate': 'domingo, 07/04/2024, 14:16:59 BRT', '_id': '6612d50bb190a884d43d70bb'}, {'inactivationDate': 'domingo, 07/04/2024, 14:17:24 BRT', '_id': '6612d524b190a884d43d7101'}, {'inactivationDate': 'domingo, 07/04/2024, 14:17:43 BRT', '_id': '6612d537b190a884d43d714b'}, {'inactivationDate': 'domingo, 07/04/2024, 14:18:16 BRT', '_id': '6612d558b190a884d43d7199'}, {'inactivationDate': 'domingo, 07/04/2024, 14:23:12 BRT', '_id': '6612d680b190a884d43d71ed'}, {'inactivationDate': 'domingo, 07/04/2024, 14:29:50 BRT', '_id': '6612d80eb190a884d43d72e8'}, {'inactivationDate': 'domingo, 07/04/2024, 14:30:59 BRT', '_id': '6612d853b190a884d43d732e'}, {'inactivationDate': 'domingo, 07/04/2024, 14:31:47 BRT', '_id': '6612d883b190a884d43d7390'}, {'inactivationDate': 'domingo, 07/04/2024, 14:31:58 BRT', '_id': '6612d88eb190a884d43d73dc'}, {'inactivationDate': 'domingo, 07/04/2024, 14:32:17 BRT', '_id': '6612d8a1b190a884d43d7446'}, {'inactivationDate': 'domingo, 07/04/2024, 14:36:12 BRT', '_id': '6612d98cb190a884d43d7496'}, {'inactivationDate': 'domingo, 07/04/2024, 14:38:58 BRT', '_id': '6612da32b190a884d43d74e9'}, {'inactivationDate': 'domingo, 07/04/2024, 14:40:19 BRT', '_id': '6612da83b190a884d43d755b'}, {'inactivationDate': 'domingo, 07/04/2024, 14:40:42 BRT', '_id': '6612da9ab190a884d43d75d1'}, {'inactivationDate': 'domingo, 07/04/2024, 14:42:09 BRT', '_id': '6612daf1b190a884d43d764d'}, {'inactivationDate': 'domingo, 07/04/2024, 14:49:24 BRT', '_id': '6612dca4b190a884d43d7711'}, {'inactivationDate': 'domingo, 07/04/2024, 14:49:46 BRT', '_id': '6612dcbab190a884d43d7775'}, {'inactivationDate': 'domingo, 07/04/2024, 14:51:25 BRT', '_id': '6612dd1db190a884d43d7845'}, {'inactivationDate': 'domingo, 07/04/2024, 14:55:38 BRT', '_id': '6612de1ab190a884d43d791b'}, {'inactivationDate': 'domingo, 07/04/2024, 14:55:41 BRT', '_id': '6612de1db190a884d43d79ad'}, {'inactivationDate': 'domingo, 07/04/2024, 14:55:51 BRT', '_id': '6612de27b190a884d43d7a43'}, {'inactivationDate': 'domingo, 07/04/2024, 14:55:53 BRT', '_id': '6612de29b190a884d43d7add'}, {'inactivationDate': 'domingo, 07/04/2024, 17:30:58 BRT', '_id': '66130282b190a884d43d89c8'}, {'inactivationDate': 'domingo, 07/04/2024, 17:45:38 BRT', '_id': '661305f2b190a884d43d8af4'}, {'updatedBy': {'userId': '65330feee76064f459d5f10d', 'userLogin': 'sysadmin@qacoders.com'}, 'updateDate': 'segunda-feira, 08/04/2024, 13:10:31 BRT', '_id': '661416f7b190a884d43d93a7'}, {'updatedBy': {'userId': '65330feee76064f459d5f10d', 'userLogin': 'sysadmin@qacoders.com'}, 'updateDate': 'segunda-feira, 08/04/2024, 13:10:36 BRT', '_id': '661416fcb190a884d43d944f'}, {'inactivationDate': 'segunda-feira, 08/04/2024, 13:56:02 BRT', '_id': '661421a2b190a884d43d986b'}, {'inactivationDate': 'segunda-feira, 08/04/2024, 13:56:05 BRT', '_
[...]
, 'costCenter': {'_id': '664280d432cfe27bbd29ec9a', 'costCenterName': 'Augusto Pinto', 'costCenterCode': '657.01', 'board': '664280d332cfe27bbd29ec91', 'status': True, 'audit': [{'registeredBy': {'userId': '65330feee76064f459d5f10d', 'userLogin': 'sysadmin@qacoders.com'}, 'registrationDate': 'segunda-feira, 13/05/2024, 18:06:28 BRT', '_id': '664280d432cfe27bbd29ec9b'}], '__v': 0}, 'status': False, 'audit': [{'registeredBy': {'userId': '65330feee76064f459d5f10d', 'userLogin': 'sysadmin@qacoders.com'}, 'registrationDate': 'segunda-feira, 13/05/2024, 18:06:28 BRT', '_id': '664280d432cfe27bbd29eca3'}, {'updatedBy': {'userId': '65330feee76064f459d5f10d', 'userLogin': 'sysadmin@qacoders.com'}, 'updateDate': 'segunda-feira, 13/05/2024, 18:06:30 BRT', '_id': '664280d632cfe27bbd29ecad'}, {'inactivationDate': 'segunda-feira, 13/05/2024, 18:06:33 BRT', '_id': '664280d932cfe27bbd29eebb'}], '__v': 0}, {'_id': '6642852f32cfe27bbd29f219', 'departmentName': 'João Miguel Vargas', 'costCenter': {'_id': '6642852f32cfe27bbd29f211', 'costCenterName': 'Melina Rocha', 'costCenterCode': '661.01', 'board': '6642852e32cfe27bbd29f208', 'status': True, 'audit': [{'registeredBy': {'userId': '65330feee76064f459d5f10d', 'userLogin': 'sysadmin@qacoders.com'}, 'registrationDate': 'segunda-feira, 13/05/2024, 18:25:03 BRT', '_id': '6642852f32cfe27bbd29f212'}], '__v': 0}, 'status': False, 'audit': [{'registeredBy': {'userId': '65330feee76064f459d5f10d', 'userLogin': 'sysadmin@qacoders.com'}, 'registrationDate': 'segunda-feira, 13/05/2024, 18:25:03 BRT', '_id': '6642852f32cfe27bbd29f21a'}, {'updatedBy': {'userId': '65330feee76064f459d5f10d', 'userLogin': 'sysadmin@qacoders.com'}, 'updateDate': 'segunda-feira, 13/05/2024, 18:25:05 BRT', '_id': '6642853132cfe27bbd29f224'}, {'inactivationDate': 'segunda-feira, 13/05/2024, 18:25:08 BRT', '_id': '6642853432cfe27bbd29f436'}], '__v': 0}, {'_id': '66428a6032cfe27bbd29fac8', 'departmentName': 'Burmese', 'costCenter': {'_id': '66428a6032cfe27bbd29fac0', 'costCenterName': 'Greek', 'costCenterCode': '664.01', 'board': '66428a5f32cfe27bbd29fab7', 'status': True, 'audit': [{'registeredBy': {'userId': '65330feee76064f459d5f10d', 'userLogin': 'sysadmin@qacoders.com'}, 'registrationDate': 'segunda-feira, 13/05/2024, 18:47:12 BRT', '_id': '66428a6032cfe27bbd29fac1'}], '__v': 0}, 'status': False, 'audit': [{'registeredBy': {'userId': '65330feee76064f459d5f10d', 'userLogin': 'sysadmin@qacoders.com'}, 'registrationDate': 'segunda-feira, 13/05/2024, 18:47:12 BRT', '_id': '66428a6032cfe27bbd29fac9'}, {'updatedBy': {'userId': '65330feee76064f459d5f10d', 'userLogin': 'sysadmin@qacoders.com'}, 'updateDate': 'segunda-feira, 13/05/2024, 18:47:14 BRT', '_id': '66428a6232cfe27bbd29fad3'}, {'inactivationDate': 'segunda-feira, 13/05/2024, 18:47:17 BRT', '_id': '66428a6532cfe27bbd29fce9'}], '__v': 0}, {'_id': '664297e232cfe27bbd2a004b', 'departmentName': 'Croatian', 'costCenter': {'_id': '664297e232cfe27bbd2a0043', 'costCenterName': 'Kirghiz', 'costCenterCode': '667.01', 'board': '664297e132cfe27bbd2a003a', 'status': True, 'audit': [{'registeredBy': {'userId': '65330feee76064f459d5f10d', 'userLogin': 'sysadmin@qacoders.com'}, 'registrationDate': 'segunda-feira, 13/05/2024, 19:44:50 BRT', '_id': '664297e232cfe27bbd2a0044'}], '__v': 0}, 'status': False, 'audit': [{'registeredBy': {'userId': '65330feee76064f459d5f10d', 'userLogin': 'sysadmin@qacoders.com'}, 'registrationDate': 'segunda-feira, 13/05/2024, 19:44:50 BRT', '_id': '664297e232cfe27bbd2a004c'}, {'updatedBy': {'userId': '65330feee76064f459d5f10d', 'userLogin': 'sysadmin@qacoders.com'}, 'updateDate': 'segunda-feira, 13/05/2024, 19:44:52 BRT', '_id': '664297e432cfe27bbd2a0056'}, {'inactivationDate': 'segunda-feira, 13/05/2024, 19:44:54 BRT', '_id': '664297e632cfe27bbd2a0270'}], '__v': 0}, {'_id': '66429dee32cfe27bbd2a05cd', 'departmentName': 'Ganda', 'costCenter': {'_id': '66429ded32cfe27bbd2a05c5', 'costCenterName': 'Panjabi', 'costCenterCode': '669.01', 'board': '66429ded32cfe27bbd2a05bc', 'status': True, 'audit': [{'registeredBy': {'userId': '65330feee76064f459d5f10d', 'userLogin': 'sysadmin@qacoders.com'}, 'registrationDate': 'segunda-feira, 13/05/2024, 20:10:37 BRT', '_id': '66429ded32cfe27bbd2a05c6'}], '__v': 0}, 'status': True, 'audit': [{'registeredBy': {'userId': '65330feee76064f459d5f10d', 'userLogin': 'sysadmin@qacoders.com'}, 'registrationDate': 'segunda-feira, 13/05/2024, 20:10:38 BRT', '_id': '66429dee32cfe27bbd2a05ce'}, {'updatedBy': {'userId': '65330feee76064f459d5f10d', 'userLogin': 'sysadmin@qacoders.com'}, 'updateDate': 'segunda-feira, 13/05/2024, 20:10:39 BRT', '_id': '66429def32cfe27bbd2a05d8'}], '__v': 0}]</msg>
<arg>${list_department.json()}</arg>
<doc>Logs the given message with the given level.</doc>
<status status="PASS" start="2024-05-14T00:10:20.307404" elapsed="0.026165"/>
</kw>
<kw name="Set Test Variable" owner="BuiltIn">
<msg time="2024-05-14T00:10:20.342288" level="INFO">${LIST_DEPARTMENT} = [{'_id': '6582085d31248304b069dfef', 'departmentName': 'Novo Departamento', 'costCenter': {'_id': '6582072531248304b069dfe5', 'costCenterName': 'Financeiro', 'costCenterCode': '16.01', 'board': '6581f...</msg>
<arg>${LIST_DEPARTMENT}</arg>
<arg>${list_department.json()}</arg>
<doc>Makes a variable available everywhere within the scope of the current test.</doc>
<status status="PASS" start="2024-05-14T00:10:20.334570" elapsed="0.007718"/>
</kw>
<status status="PASS" start="2024-05-14T00:10:19.347071" elapsed="0.995217"/>
</kw>
<kw name="Pesquisar Departamentos" owner="department_testes">
<kw name="Criar Sessão" owner="department_testes">
<kw name="Create Dictionary" owner="BuiltIn">
<msg time="2024-05-14T00:10:20.344451" level="INFO">${headers} = {'accept': 'application/json', 'Content-Type': 'application/json'}</msg>
<var>${headers}</var>
<arg>accept=application/json</arg>
<arg>Content-Type=application/json</arg>
<doc>Creates and returns a dictionary based on the given ``items``.</doc>
<status status="PASS" start="2024-05-14T00:10:20.344451" elapsed="0.001010"/>
</kw>
<kw name="Create Session" owner="RequestsLibrary">
<msg time="2024-05-14T00:10:20.345461" level="INFO">Creating Session using : alias=APIAcademy, url=https://chips.qacoders-academy.com.br, headers={'accept': 'application/json', 'Content-Type': 'application/json'},                     cookies={}, auth=None, timeout=None, proxies=None, verify=False,                     debug=0 </msg>
<arg>alias=APIAcademy</arg>
<arg>url=${url}</arg>
<arg>headers=${headers}</arg>
<doc>Create Session: create a HTTP session to a server</doc>
<status status="PASS" start="2024-05-14T00:10:20.345461" elapsed="0.001183"/>
</kw>
<status status="PASS" start="2024-05-14T00:10:20.343285" elapsed="0.003359"/>
</kw>
<kw name="Create Dictionary" owner="BuiltIn">
<msg time="2024-05-14T00:10:20.346644" level="INFO">${headers} = {'Authorization': 'eyJhbGciOiJIUzI1NiIsInR5cCI6IkpXVCJ9.eyJfaWQiOiI2NTMzMGZlZWU3NjA2NGY0NTlkNWYxMGQiLCJmdWxsTmFtZSI6IlFhLUNvZGVycy1TWVNBRE1JTiIsIm1haWwiOiJzeXNhZG1pbkBxYWNvZGVycy5jb20iLCJwYXNzd29yZCI6...</msg>
<var>${headers}</var>
<arg>Authorization=${TOKEN}</arg>
<doc>Creates and returns a dictionary based on the given ``items``.</doc>
<status status="PASS" start="2024-05-14T00:10:20.346644" elapsed="0.001002"/>
</kw>
<kw name="GET On Session" owner="RequestsLibrary">
<msg time="2024-05-14T00:10:20.987676" level="INFO">GET Request : url=https://chips.qacoders-academy.com.br/api/department/66429dee32cfe27bbd2a05cd 
 path_url=/api/department/66429dee32cfe27bbd2a05cd 
 headers={'User-Agent': 'python-requests/2.31.0', 'Accept-Encoding': 'gzip, deflate', 'accept': 'application/json', 'Connection': 'keep-alive', 'Content-Type': 'application/json', 'Authorization': 'eyJhbGciOiJIUzI1NiIsInR5cCI6IkpXVCJ9.eyJfaWQiOiI2NTMzMGZlZWU3NjA2NGY0NTlkNWYxMGQiLCJmdWxsTmFtZSI6IlFhLUNvZGVycy1TWVNBRE1JTiIsIm1haWwiOiJzeXNhZG1pbkBxYWNvZGVycy5jb20iLCJwYXNzd29yZCI6IiQyYiQxMCRhTXo4NTRBRmpETWtwUWZ6a040alh1Q05rQWpWSEsvRlR5Lll0WmF3M2pHcHpzL1RnbUtpSyIsImFjY2Vzc1Byb2ZpbGUiOiJTWVNBRE1JTiIsImNwZiI6IjExMTExMTExMTExIiwic3RhdHVzIjp0cnVlLCJhdWRpdCI6W3sicmVnaXN0ZXJlZEJ5Ijp7InVzZXJJZCI6IjExMTExMTExMTExMTExMTExMSIsInVzZXJMb2dpbiI6InN5c2FkbWluQHFhY29kZXJzLmNvbSJ9LCJyZWdpc3RyYXRpb25EYXRlIjoic2V4dGEtZmVpcmEsIDIwLzEwLzIwMjMsIDIwOjQwOjMwIEJSVCIsInJlZ2lzdHJhdGlvbk51bWJlciI6IjAxIiwiY29tcGFueUlkIjoiUWEuQ29kZXJzIiwiX2lkIjoiNjUzMzBmZWVlNzYwNjRmNDU5ZDVmMTBlIn1dLCJfX3YiOjAsImlhdCI6MTcxNTY0MTgzNiwiZXhwIjoxNzE1NzI4MjM2fQ.Krnx8Ps_dTxD0vKMwdq08QGL1390dLpbQqb_8NESryA'} 
 body=None 
 </msg>
<msg time="2024-05-14T00:10:20.989051" level="INFO">GET Response : url=https://chips.qacoders-academy.com.br/api/department/66429dee32cfe27bbd2a05cd 
 status=200, reason=OK 
 headers={'Server': 'nginx/1.18.0 (Ubuntu)', 'Date': 'Mon, 13 May 2024 23:10:42 GMT', 'Content-Type': 'application/json; charset=utf-8', 'Transfer-Encoding': 'chunked', 'Connection': 'keep-alive', 'X-Powered-By': 'Express', 'Access-Control-Allow-Origin': '*', 'Access-Control-Allow-Methods': 'GET, POST, OPTIONS, PUT, PATCH, DELETE', 'Access-Control-Allow-Headers': 'Origin, X-Requested-With, Content-Type, Accept, Authorization', 'ETag': 'W/"334-G/vt8K7w/stbAmbVsVlntSnijk0"', 'Content-Encoding': 'gzip'} 
 body={"department":{"_id":"66429dee32cfe27bbd2a05cd","departmentName":"Ganda","costCenter":{"_id":"66429ded32cfe27bbd2a05c5","costCenterName":"Panjabi","costCenterCode":"669.01","board":"66429ded32cfe27bbd2a05bc","status":true,"audit":[{"registeredBy":{"userId":"65330feee76064f459d5f10d","userLogin":"sysadmin@qacoders.com"},"registrationDate":"segunda-feira, 13/05/2024, 20:10:37 BRT","_id":"66429ded32cfe27bbd2a05c6"}],"__v":0},"status":true,"audit":[{"registeredBy":{"userId":"65330feee76064f459d5f10d","userLogin":"sysadmin@qacoders.com"},"registrationDate":"segunda-feira, 13/05/2024, 20:10:38 BRT","_id":"66429dee32cfe27bbd2a05ce"},{"updatedBy":{"userId":"65330feee76064f459d5f10d","userLogin":"sysadmin@qacoders.com"},"updateDate":"segunda-feira, 13/05/2024, 20:10:39 BRT","_id":"66429def32cfe27bbd2a05d8"}],"__v":0}} 
 </msg>
<msg time="2024-05-14T00:10:20.989051" level="INFO">C:\Users\jeh_f\AppData\Local\Programs\Python\Python312\Lib\site-packages\urllib3\connectionpool.py:1103: InsecureRequestWarning: Unverified HTTPS request is being made to host 'chips.qacoders-academy.com.br'. Adding certificate verification is strongly advised. See: https://urllib3.readthedocs.io/en/latest/advanced-usage.html#tls-warnings
  warnings.warn(</msg>
<msg time="2024-05-14T00:10:20.992181" level="INFO">${research_department} = &lt;Response [200]&gt;</msg>
<var>${research_department}</var>
<arg>alias=APIAcademy</arg>
<arg>url=/api/department/${ID_DEPARTMENT}</arg>
<arg>headers=${headers}</arg>
<arg>expected_status=200</arg>
<doc>Sends a GET request on a previously created HTTP Session.</doc>
<status status="PASS" start="2024-05-14T00:10:20.347646" elapsed="0.644535"/>
</kw>
<kw name="Log" owner="BuiltIn">
<msg time="2024-05-14T00:10:20.996655" level="INFO">{'department': {'_id': '66429dee32cfe27bbd2a05cd', 'departmentName': 'Ganda', 'costCenter': {'_id': '66429ded32cfe27bbd2a05c5', 'costCenterName': 'Panjabi', 'costCenterCode': '669.01', 'board': '66429ded32cfe27bbd2a05bc', 'status': True, 'audit': [{'registeredBy': {'userId': '65330feee76064f459d5f10d', 'userLogin': 'sysadmin@qacoders.com'}, 'registrationDate': 'segunda-feira, 13/05/2024, 20:10:37 BRT', '_id': '66429ded32cfe27bbd2a05c6'}], '__v': 0}, 'status': True, 'audit': [{'registeredBy': {'userId': '65330feee76064f459d5f10d', 'userLogin': 'sysadmin@qacoders.com'}, 'registrationDate': 'segunda-feira, 13/05/2024, 20:10:38 BRT', '_id': '66429dee32cfe27bbd2a05ce'}, {'updatedBy': {'userId': '65330feee76064f459d5f10d', 'userLogin': 'sysadmin@qacoders.com'}, 'updateDate': 'segunda-feira, 13/05/2024, 20:10:39 BRT', '_id': '66429def32cfe27bbd2a05d8'}], '__v': 0}}</msg>
<arg>${research_department.json()}</arg>
<doc>Logs the given message with the given level.</doc>
<status status="PASS" start="2024-05-14T00:10:20.993537" elapsed="0.003118"/>
</kw>
<kw name="Set Test Variable" owner="BuiltIn">
<msg time="2024-05-14T00:10:21.004241" level="INFO">${RESEARCH_DEPARTMENT} = {'department': {'_id': '66429dee32cfe27bbd2a05cd', 'departmentName': 'Ganda', 'costCenter': {'_id': '66429ded32cfe27bbd2a05c5', 'costCenterName': 'Panjabi', 'costCenterCode': '669.01', 'board': '66429...</msg>
<arg>${RESEARCH_DEPARTMENT}</arg>
<arg>${research_department.json()}</arg>
<doc>Makes a variable available everywhere within the scope of the current test.</doc>
<status status="PASS" start="2024-05-14T00:10:20.999189" elapsed="0.006046"/>
</kw>
<status status="PASS" start="2024-05-14T00:10:20.343285" elapsed="0.662946"/>
</kw>
<kw name="Inativar um Departamento com sucesso" owner="department_testes">
<kw name="Create Dictionary" owner="BuiltIn">
<msg time="2024-05-14T00:10:21.013414" level="INFO">${body} = {'status': 'false'}</msg>
<var>${body}</var>
<arg>status=false</arg>
<doc>Creates and returns a dictionary based on the given ``items``.</doc>
<status status="PASS" start="2024-05-14T00:10:21.012415" elapsed="0.001997"/>
</kw>
<kw name="Log" owner="BuiltIn">
<msg time="2024-05-14T00:10:21.016404" level="INFO">{'status': 'false'}</msg>
<arg>${body}</arg>
<doc>Logs the given message with the given level.</doc>
<status status="PASS" start="2024-05-14T00:10:21.015409" elapsed="0.001993"/>
</kw>
<kw name="Criar Sessão" owner="department_testes">
<kw name="Create Dictionary" owner="BuiltIn">
<msg time="2024-05-14T00:10:21.022855" level="INFO">${headers} = {'accept': 'application/json', 'Content-Type': 'application/json'}</msg>
<var>${headers}</var>
<arg>accept=application/json</arg>
<arg>Content-Type=application/json</arg>
<doc>Creates and returns a dictionary based on the given ``items``.</doc>
<status status="PASS" start="2024-05-14T00:10:21.021390" elapsed="0.001465"/>
</kw>
<kw name="Create Session" owner="RequestsLibrary">
<msg time="2024-05-14T00:10:21.024398" level="INFO">Creating Session using : alias=APIAcademy, url=https://chips.qacoders-academy.com.br, headers={'accept': 'application/json', 'Content-Type': 'application/json'},                     cookies={}, auth=None, timeout=None, proxies=None, verify=False,                     debug=0 </msg>
<arg>alias=APIAcademy</arg>
<arg>url=${url}</arg>
<arg>headers=${headers}</arg>
<doc>Create Session: create a HTTP session to a server</doc>
<status status="PASS" start="2024-05-14T00:10:21.023364" elapsed="0.001034"/>
</kw>
<status status="PASS" start="2024-05-14T00:10:21.019399" elapsed="0.004999"/>
</kw>
<kw name="Create Dictionary" owner="BuiltIn">
<msg time="2024-05-14T00:10:21.026490" level="INFO">${headers} = {'Authorization': 'eyJhbGciOiJIUzI1NiIsInR5cCI6IkpXVCJ9.eyJfaWQiOiI2NTMzMGZlZWU3NjA2NGY0NTlkNWYxMGQiLCJmdWxsTmFtZSI6IlFhLUNvZGVycy1TWVNBRE1JTiIsIm1haWwiOiJzeXNhZG1pbkBxYWNvZGVycy5jb20iLCJwYXNzd29yZCI6...</msg>
<var>${headers}</var>
<arg>Authorization=${TOKEN}</arg>
<doc>Creates and returns a dictionary based on the given ``items``.</doc>
<status status="PASS" start="2024-05-14T00:10:21.025947" elapsed="0.000543"/>
</kw>
<kw name="PUT On Session" owner="RequestsLibrary">
<msg time="2024-05-14T00:10:21.681109" level="INFO">PUT Request : url=https://chips.qacoders-academy.com.br/api/department/status/66429dee32cfe27bbd2a05cd 
 path_url=/api/department/status/66429dee32cfe27bbd2a05cd 
 headers={'User-Agent': 'python-requests/2.31.0', 'Accept-Encoding': 'gzip, deflate', 'accept': 'application/json', 'Connection': 'keep-alive', 'Content-Type': 'application/json', 'Authorization': 'eyJhbGciOiJIUzI1NiIsInR5cCI6IkpXVCJ9.eyJfaWQiOiI2NTMzMGZlZWU3NjA2NGY0NTlkNWYxMGQiLCJmdWxsTmFtZSI6IlFhLUNvZGVycy1TWVNBRE1JTiIsIm1haWwiOiJzeXNhZG1pbkBxYWNvZGVycy5jb20iLCJwYXNzd29yZCI6IiQyYiQxMCRhTXo4NTRBRmpETWtwUWZ6a040alh1Q05rQWpWSEsvRlR5Lll0WmF3M2pHcHpzL1RnbUtpSyIsImFjY2Vzc1Byb2ZpbGUiOiJTWVNBRE1JTiIsImNwZiI6IjExMTExMTExMTExIiwic3RhdHVzIjp0cnVlLCJhdWRpdCI6W3sicmVnaXN0ZXJlZEJ5Ijp7InVzZXJJZCI6IjExMTExMTExMTExMTExMTExMSIsInVzZXJMb2dpbiI6InN5c2FkbWluQHFhY29kZXJzLmNvbSJ9LCJyZWdpc3RyYXRpb25EYXRlIjoic2V4dGEtZmVpcmEsIDIwLzEwLzIwMjMsIDIwOjQwOjMwIEJSVCIsInJlZ2lzdHJhdGlvbk51bWJlciI6IjAxIiwiY29tcGFueUlkIjoiUWEuQ29kZXJzIiwiX2lkIjoiNjUzMzBmZWVlNzYwNjRmNDU5ZDVmMTBlIn1dLCJfX3YiOjAsImlhdCI6MTcxNTY0MTgzNiwiZXhwIjoxNzE1NzI4MjM2fQ.Krnx8Ps_dTxD0vKMwdq08QGL1390dLpbQqb_8NESryA', 'Content-Length': '19'} 
 body=b'{"status": "false"}' 
 </msg>
<msg time="2024-05-14T00:10:21.682965" level="INFO">PUT Response : url=https://chips.qacoders-academy.com.br/api/department/status/66429dee32cfe27bbd2a05cd 
 status=202, reason=Accepted 
 headers={'Server': 'nginx/1.18.0 (Ubuntu)', 'Date': 'Mon, 13 May 2024 23:10:42 GMT', 'Content-Type': 'application/json; charset=utf-8', 'Content-Length': '45', 'Connection': 'keep-alive', 'X-Powered-By': 'Express', 'Access-Control-Allow-Origin': '*', 'Access-Control-Allow-Methods': 'GET, POST, OPTIONS, PUT, PATCH, DELETE', 'Access-Control-Allow-Headers': 'Origin, X-Requested-With, Content-Type, Accept, Authorization', 'ETag': 'W/"2d-zLmVgSSRpcTQsIXVG6W7EsDBKgM"'} 
 body={"msg":"Departamento inativado com sucesso!"} 
 </msg>
<msg time="2024-05-14T00:10:21.682965" level="INFO">C:\Users\jeh_f\AppData\Local\Programs\Python\Python312\Lib\site-packages\urllib3\connectionpool.py:1103: InsecureRequestWarning: Unverified HTTPS request is being made to host 'chips.qacoders-academy.com.br'. Adding certificate verification is strongly advised. See: https://urllib3.readthedocs.io/en/latest/advanced-usage.html#tls-warnings
  warnings.warn(</msg>
<msg time="2024-05-14T00:10:21.685968" level="INFO">${status_department} = &lt;Response [202]&gt;</msg>
<var>${status_department}</var>
<arg>alias=APIAcademy</arg>
<arg>url=/api/department/status/${ID_DEPARTMENT}</arg>
<arg>json=${body}</arg>
<arg>headers=${headers}</arg>
<arg>expected_status=202</arg>
<doc>Sends a PUT request on a previously created HTTP Session.</doc>
<status status="PASS" start="2024-05-14T00:10:21.027532" elapsed="0.659434"/>
</kw>
<kw name="Log" owner="BuiltIn">
<msg time="2024-05-14T00:10:21.692822" level="INFO">{'msg': 'Departamento inativado com sucesso!'}</msg>
<arg>${status_department.json()}</arg>
<doc>Logs the given message with the given level.</doc>
<status status="PASS" start="2024-05-14T00:10:21.688001" elapsed="0.005824"/>
</kw>
<kw name="Set Test Variable" owner="BuiltIn">
<msg time="2024-05-14T00:10:21.697935" level="INFO">${STATUS_DEPARTMENT} = {'msg': 'Departamento inativado com sucesso!'}</msg>
<arg>${STATUS_DEPARTMENT}</arg>
<arg>${status_department.json()}</arg>
<doc>Makes a variable available everywhere within the scope of the current test.</doc>
<status status="PASS" start="2024-05-14T00:10:21.695184" elapsed="0.003262"/>
</kw>
<status status="PASS" start="2024-05-14T00:10:21.009410" elapsed="0.689036"/>
</kw>
<kw name="Validar que o Departamento foi inativado" owner="department_testes">
<kw name="Log" owner="BuiltIn">
<msg time="2024-05-14T00:10:21.702441" level="INFO">{'msg': 'Departamento inativado com sucesso!'}</msg>
<arg>${STATUS_DEPARTMENT}</arg>
<doc>Logs the given message with the given level.</doc>
<status status="PASS" start="2024-05-14T00:10:21.701443" elapsed="0.001994"/>
</kw>
<kw name="Dictionary Should Contain Value" owner="Collections">
<msg time="2024-05-14T00:10:21.704470" level="INFO">False</msg>
<arg>${STATUS_DEPARTMENT}</arg>
<arg>${msgEditStatusSucess}</arg>
<doc>Fails if ``value`` is not found from ``dictionary``.</doc>
<status status="PASS" start="2024-05-14T00:10:21.703437" elapsed="0.001033"/>
</kw>
<status status="PASS" start="2024-05-14T00:10:21.700447" elapsed="0.004023"/>
</kw>
<status status="PASS" start="2024-05-14T00:10:14.234172" elapsed="7.471264"/>
</test>
<status status="PASS" start="2024-05-14T00:10:13.503110" elapsed="8.204769"/>
</suite>
<statistics>
<total>
<stat pass="1" fail="0" skip="0">All Tests</stat>
</total>
<tag>
</tag>
<suite>
<stat pass="1" fail="0" skip="0" id="s1" name="testesApi academy">testesApi academy</stat>
</suite>
</statistics>
<errors>
</errors>
</robot>
